Using parameter file /users/rdscher/cs499/HPL/hopper/gcc-11/param_sweep/HPL_params.csv
Using template file /users/rdscher/cs499/HPL/hopper/gcc-11/param_sweep/HPL_template.dat
Read param line 138: 352,2,1
Read param BLOCK_SIZE: 352
Temp directory: /carc/scratch/users/rdscher/tmp.MIiEfeq0cs
Created temporary working directory: /carc/scratch/users/rdscher/tmp.MIiEfeq0cs/138
Now running in /carc/scratch/users/rdscher/tmp.MIiEfeq0cs/138
Running xhpl in /carc/scratch/users/rdscher/tmp.MIiEfeq0cs/138...
To request GPUs, add --gpus-per-node X or --gpus X, where X is the desired number of GPUs.
Job 2058143 running on hopper[013-014]
slurmstepd: error: Detected 1 oom-kill event(s) in StepId=2058143.0. Some of your processes may have been killed by the cgroup out-of-memory handler.
srun: error: hopper013: task 1: Out Of Memory
[1695262935.691850] [hopper013:828853:0]        mm_posix.c:206  UCX  ERROR open(file_name=/proc/828854/fd/15 flags=0x0) failed: No such file or directory
[hopper013:828853] *** An error occurred in MPI_Send
[hopper013:828853] *** reported by process [1738473472,0]
[hopper013:828853] *** on communicator MPI COMMUNICATOR 5 SPLIT FROM 3
[hopper013:828853] *** MPI_ERR_OTHER: known error not in list
[hopper013:828853] *** MPI_ERRORS_ARE_FATAL (processes in this communicator will now abort,
[hopper013:828853] ***    and potentially your MPI job)
slurmstepd: error: *** STEP 2058143.0 ON hopper013 CANCELLED AT 2023-09-20T20:22:15 ***
srun: Job step aborted: Waiting up to 32 seconds for job step to finish.
srun: error: hopper014: tasks 8-15: Killed
xhpl finished
Results: Gflops : Rate of execution for solving the linear system. The following parameter values will be used:
Results data: Gflops : Rate of execution for solving the linear system. The following parameter values will be used:
Results Gflops: used:
Writing input parameters and gflops to /users/rdscher/cs499/HPL/hopper/gcc-11/param_sweep/HPL_results.csv
Deleted /carc/scratch/users/rdscher/tmp.MIiEfeq0cs
slurmstepd: error: Detected 1 oom-kill event(s) in StepId=2058143.batch. Some of your processes may have been killed by the cgroup out-of-memory handler.
