Using parameter file /users/rdscher/cs499/HPL/hopper/gcc-11/param_sweep/HPL_params.csv
Using template file /users/rdscher/cs499/HPL/hopper/gcc-11/param_sweep/HPL_template.dat
Read param line 107: 288,6,2
Read param BLOCK_SIZE: 288
Temp directory: /carc/scratch/users/rdscher/tmp.8iQ5olSv0z
Created temporary working directory: /carc/scratch/users/rdscher/tmp.8iQ5olSv0z/107
Now running in /carc/scratch/users/rdscher/tmp.8iQ5olSv0z/107
Running xhpl in /carc/scratch/users/rdscher/tmp.8iQ5olSv0z/107...
To request GPUs, add --gpus-per-node X or --gpus X, where X is the desired number of GPUs.
Job 2058112 running on hopper[026-027]
slurmstepd: error: Detected 13 oom-kill event(s) in StepId=2058112.0. Some of your processes may have been killed by the cgroup out-of-memory handler.
srun: error: hopper026: task 3: Out Of Memory
[hopper026:59347] *** An error occurred in MPI_Send
[hopper026:59347] *** reported by process [1736441856,2]
[hopper026:59347] *** on communicator MPI COMMUNICATOR 4 SPLIT FROM 3
[hopper026:59347] *** MPI_ERR_OTHER: known error not in list
[hopper026:59347] *** MPI_ERRORS_ARE_FATAL (processes in this communicator will now abort,
[hopper026:59347] ***    and potentially your MPI job)
srun: Job step aborted: Waiting up to 32 seconds for job step to finish.
slurmstepd: error: *** STEP 2058112.0 ON hopper026 CANCELLED AT 2023-09-20T20:19:39 ***
srun: error: hopper027: tasks 8-15: Killed
xhpl finished
Results: Gflops : Rate of execution for solving the linear system. The following parameter values will be used:
Results data: Gflops : Rate of execution for solving the linear system. The following parameter values will be used:
Results Gflops: used:
Writing input parameters and gflops to /users/rdscher/cs499/HPL/hopper/gcc-11/param_sweep/HPL_results.csv
Deleted /carc/scratch/users/rdscher/tmp.8iQ5olSv0z
slurmstepd: error: Detected 13 oom-kill event(s) in StepId=2058112.batch. Some of your processes may have been killed by the cgroup out-of-memory handler.
