Using parameter file /users/rdscher/cs499/HPL/hopper/gcc-11/param_sweep/HPL_params.csv
Using template file /users/rdscher/cs499/HPL/hopper/gcc-11/param_sweep/HPL_template.dat
Read param line 91: 288,4,2
Read param BLOCK_SIZE: 288
Temp directory: /carc/scratch/users/rdscher/tmp.vXCgTV1Gkd
Created temporary working directory: /carc/scratch/users/rdscher/tmp.vXCgTV1Gkd/91
Now running in /carc/scratch/users/rdscher/tmp.vXCgTV1Gkd/91
Running xhpl in /carc/scratch/users/rdscher/tmp.vXCgTV1Gkd/91...
To request GPUs, add --gpus-per-node X or --gpus X, where X is the desired number of GPUs.
Job 2058096 running on hopper[024-025]
slurmstepd: error: Detected 1 oom-kill event(s) in StepId=2058096.0. Some of your processes may have been killed by the cgroup out-of-memory handler.
srun: error: hopper024: task 7: Out Of Memory
[hopper024:85297] *** An error occurred in MPI_Send
[hopper024:85297] *** reported by process [1735393280,6]
[hopper024:85297] *** on communicator MPI COMMUNICATOR 4 SPLIT FROM 3
[hopper024:85297] *** MPI_ERR_OTHER: known error not in list
[hopper024:85297] *** MPI_ERRORS_ARE_FATAL (processes in this communicator will now abort,
[hopper024:85297] ***    and potentially your MPI job)
[hopper024:85293] *** An error occurred in MPI_Send
[hopper024:85293] *** reported by process [1735393280,2]
[hopper024:85293] *** on communicator MPI COMMUNICATOR 4 SPLIT FROM 3
[hopper024:85293] *** MPI_ERR_OTHER: known error not in list
[hopper024:85293] *** MPI_ERRORS_ARE_FATAL (processes in this communicator will now abort,
[hopper024:85293] ***    and potentially your MPI job)
[hopper024:85295] *** An error occurred in MPI_Send
[hopper024:85295] *** reported by process [1735393280,4]
[hopper024:85295] *** on communicator MPI COMMUNICATOR 4 SPLIT FROM 3
[hopper024:85295] *** MPI_ERR_OTHER: known error not in list
[hopper024:85295] *** MPI_ERRORS_ARE_FATAL (processes in this communicator will now abort,
[hopper024:85295] ***    and potentially your MPI job)
slurmstepd: error: *** STEP 2058096.0 ON hopper024 CANCELLED AT 2023-09-20T20:17:38 ***
srun: Job step aborted: Waiting up to 32 seconds for job step to finish.
srun: error: hopper025: tasks 8-15: Killed
xhpl finished
Results: Gflops : Rate of execution for solving the linear system. The following parameter values will be used:
Results data: Gflops : Rate of execution for solving the linear system. The following parameter values will be used:
Results Gflops: used:
Writing input parameters and gflops to /users/rdscher/cs499/HPL/hopper/gcc-11/param_sweep/HPL_results.csv
Deleted /carc/scratch/users/rdscher/tmp.vXCgTV1Gkd
slurmstepd: error: Detected 7 oom-kill event(s) in StepId=2058096.batch. Some of your processes may have been killed by the cgroup out-of-memory handler.
