Using parameter file /users/rdscher/cs499/HPL/hopper/gcc-11/param_sweep/HPL_params.csv
Using template file /users/rdscher/cs499/HPL/hopper/gcc-11/param_sweep/HPL_template.dat
Read param line 306: 432,7,1
Read param BLOCK_SIZE: 432
Temp directory: /carc/scratch/users/rdscher/tmp.K7I4Sd8sI7
Created temporary working directory: /carc/scratch/users/rdscher/tmp.K7I4Sd8sI7/306
Now running in /carc/scratch/users/rdscher/tmp.K7I4Sd8sI7/306
Running xhpl in /carc/scratch/users/rdscher/tmp.K7I4Sd8sI7/306...
To request GPUs, add --gpus-per-node X or --gpus X, where X is the desired number of GPUs.
Job 2058313 running on hopper[015-016]
slurmstepd: error: Detected 1 oom-kill event(s) in StepId=2058313.0. Some of your processes may have been killed by the cgroup out-of-memory handler.
srun: error: hopper015: task 6: Out Of Memory
[1695264979.108037] [hopper015:54533:0]        mm_posix.c:206  UCX  ERROR open(file_name=/proc/54537/fd/14 flags=0x0) failed: No such file or directory
[hopper015:54533] *** An error occurred in MPI_Send
[hopper015:54533] *** reported by process [1749614592,0]
[hopper015:54533] *** on communicator MPI COMMUNICATOR 5 SPLIT FROM 3
[hopper015:54533] *** MPI_ERR_OTHER: known error not in list
[hopper015:54533] *** MPI_ERRORS_ARE_FATAL (processes in this communicator will now abort,
[hopper015:54533] ***    and potentially your MPI job)
slurmstepd: error: *** STEP 2058313.0 ON hopper015 CANCELLED AT 2023-09-20T20:56:19 ***
srun: Job step aborted: Waiting up to 32 seconds for job step to finish.
srun: error: hopper016: tasks 8-15: Killed
xhpl finished
Results: Gflops : Rate of execution for solving the linear system. The following parameter values will be used:
Results data: Gflops : Rate of execution for solving the linear system. The following parameter values will be used:
Results Gflops: used:
Writing input parameters and gflops to /users/rdscher/cs499/HPL/hopper/gcc-11/param_sweep/HPL_results.csv
Deleted /carc/scratch/users/rdscher/tmp.K7I4Sd8sI7
slurmstepd: error: Detected 4 oom-kill event(s) in StepId=2058313.batch. Some of your processes may have been killed by the cgroup out-of-memory handler.
