Using parameter file /users/rdscher/cs499/HPL/hopper/gcc-11/param_sweep/HPL_params.csv
Using template file /users/rdscher/cs499/HPL/hopper/gcc-11/param_sweep/HPL_template.dat
Read param line 85: 288,3,4
Read param BLOCK_SIZE: 288
Temp directory: /carc/scratch/users/rdscher/tmp.zrvtIF8Cku
Created temporary working directory: /carc/scratch/users/rdscher/tmp.zrvtIF8Cku/85
Now running in /carc/scratch/users/rdscher/tmp.zrvtIF8Cku/85
Running xhpl in /carc/scratch/users/rdscher/tmp.zrvtIF8Cku/85...
To request GPUs, add --gpus-per-node X or --gpus X, where X is the desired number of GPUs.
Job 2058090 running on hopper[024-025]
slurmstepd: error: Detected 15 oom-kill event(s) in StepId=2058090.0. Some of your processes may have been killed by the cgroup out-of-memory handler.
srun: error: hopper024: task 7: Out Of Memory
[hopper024:83875] *** An error occurred in MPI_Send
[hopper024:83875] *** reported by process [1735000064,6]
[hopper024:83875] *** on communicator MPI COMMUNICATOR 4 SPLIT FROM 3
[hopper024:83875] *** MPI_ERR_OTHER: known error not in list
[hopper024:83875] *** MPI_ERRORS_ARE_FATAL (processes in this communicator will now abort,
[hopper024:83875] ***    and potentially your MPI job)
srun: Job step aborted: Waiting up to 32 seconds for job step to finish.
slurmstepd: error: *** STEP 2058090.0 ON hopper024 CANCELLED AT 2023-09-20T20:14:44 ***
srun: error: hopper025: tasks 8-15: Killed
xhpl finished
Results: Gflops : Rate of execution for solving the linear system. The following parameter values will be used:
Results data: Gflops : Rate of execution for solving the linear system. The following parameter values will be used:
Results Gflops: used:
Writing input parameters and gflops to /users/rdscher/cs499/HPL/hopper/gcc-11/param_sweep/HPL_results.csv
Deleted /carc/scratch/users/rdscher/tmp.zrvtIF8Cku
slurmstepd: error: Detected 15 oom-kill event(s) in StepId=2058090.batch. Some of your processes may have been killed by the cgroup out-of-memory handler.
