Using parameter file /users/rdscher/cs499/HPL/hopper/gcc-11/param_sweep/HPL_params.csv
Using template file /users/rdscher/cs499/HPL/hopper/gcc-11/param_sweep/HPL_template.dat
Read param line 6: 256,1,5
Read param BLOCK_SIZE: 256
Temp directory: /carc/scratch/users/rdscher/tmp.i8MXBAJIfR
Created temporary working directory: /carc/scratch/users/rdscher/tmp.i8MXBAJIfR/6
Now running in /carc/scratch/users/rdscher/tmp.i8MXBAJIfR/6
Running xhpl in /carc/scratch/users/rdscher/tmp.i8MXBAJIfR/6...
To request GPUs, add --gpus-per-node X or --gpus X, where X is the desired number of GPUs.
Job 2058010 running on hopper[015-016]
slurmstepd: error: Detected 2 oom-kill event(s) in StepId=2058010.0. Some of your processes may have been killed by the cgroup out-of-memory handler.
srun: error: hopper015: task 1: Out Of Memory
[hopper015:43212] *** An error occurred in MPI_Send
[hopper015:43212] *** reported by process [1729757184,0]
[hopper015:43212] *** on communicator MPI COMMUNICATOR 4 SPLIT FROM 3
[hopper015:43212] *** MPI_ERR_OTHER: known error not in list
[hopper015:43212] *** MPI_ERRORS_ARE_FATAL (processes in this communicator will now abort,
[hopper015:43212] ***    and potentially your MPI job)
slurmstepd: error: *** STEP 2058010.0 ON hopper015 CANCELLED AT 2023-09-20T19:58:35 ***
srun: Job step aborted: Waiting up to 32 seconds for job step to finish.
srun: error: hopper016: tasks 8-15: Killed
xhpl finished
Results: Gflops : Rate of execution for solving the linear system. The following parameter values will be used:
Results data: Gflops : Rate of execution for solving the linear system. The following parameter values will be used:
Results Gflops: used:
Writing input parameters and gflops to /users/rdscher/cs499/HPL/hopper/gcc-11/param_sweep/HPL_results.csv
Deleted /carc/scratch/users/rdscher/tmp.i8MXBAJIfR
slurmstepd: error: Detected 4 oom-kill event(s) in StepId=2058010.batch. Some of your processes may have been killed by the cgroup out-of-memory handler.
