Using parameter file /users/rdscher/cs499/HPL/hopper/gcc-11/param_sweep/HPL_params.csv
Using template file /users/rdscher/cs499/HPL/hopper/gcc-11/param_sweep/HPL_template.dat
Read param line 291: 432,5,2
Read param BLOCK_SIZE: 432
Temp directory: /carc/scratch/users/rdscher/tmp.qzEVQtV4cB
Created temporary working directory: /carc/scratch/users/rdscher/tmp.qzEVQtV4cB/291
Now running in /carc/scratch/users/rdscher/tmp.qzEVQtV4cB/291
Running xhpl in /carc/scratch/users/rdscher/tmp.qzEVQtV4cB/291...
To request GPUs, add --gpus-per-node X or --gpus X, where X is the desired number of GPUs.
Job 2058298 running on hopper[013-014]
slurmstepd: error: Detected 12 oom-kill event(s) in StepId=2058298.0. Some of your processes may have been killed by the cgroup out-of-memory handler.
srun: error: hopper013: task 3: Out Of Memory
[hopper013:841905] *** An error occurred in MPI_Send
[hopper013:841905] *** reported by process [1748631552,2]
[hopper013:841905] *** on communicator MPI COMMUNICATOR 4 SPLIT FROM 3
[hopper013:841905] *** MPI_ERR_OTHER: known error not in list
[hopper013:841905] *** MPI_ERRORS_ARE_FATAL (processes in this communicator will now abort,
[hopper013:841905] ***    and potentially your MPI job)
[hopper013:841903] *** An error occurred in MPI_Send
[hopper013:841903] *** reported by process [1748631552,0]
[hopper013:841903] *** on communicator MPI COMMUNICATOR 4 SPLIT FROM 3
[hopper013:841903] *** MPI_ERR_OTHER: known error not in list
[hopper013:841903] *** MPI_ERRORS_ARE_FATAL (processes in this communicator will now abort,
[hopper013:841903] ***    and potentially your MPI job)
slurmstepd: error: *** STEP 2058298.0 ON hopper013 CANCELLED AT 2023-09-20T20:55:40 ***
srun: Job step aborted: Waiting up to 32 seconds for job step to finish.
srun: error: hopper014: tasks 8-15: Killed
xhpl finished
Results: Gflops : Rate of execution for solving the linear system. The following parameter values will be used:
Results data: Gflops : Rate of execution for solving the linear system. The following parameter values will be used:
Results Gflops: used:
Writing input parameters and gflops to /users/rdscher/cs499/HPL/hopper/gcc-11/param_sweep/HPL_results.csv
Deleted /carc/scratch/users/rdscher/tmp.qzEVQtV4cB
slurmstepd: error: Detected 16 oom-kill event(s) in StepId=2058298.batch. Some of your processes may have been killed by the cgroup out-of-memory handler.
