Using parameter file /users/rdscher/cs499/HPL/hopper/gcc-11/param_sweep/HPL_params.csv
Using template file /users/rdscher/cs499/HPL/hopper/gcc-11/param_sweep/HPL_template.dat
Read param line 197: 208,1,4
Read param BLOCK_SIZE: 208
Temp directory: /carc/scratch/users/rdscher/tmp.2VKUa5MKG5
Created temporary working directory: /carc/scratch/users/rdscher/tmp.2VKUa5MKG5/197
Now running in /carc/scratch/users/rdscher/tmp.2VKUa5MKG5/197
Running xhpl in /carc/scratch/users/rdscher/tmp.2VKUa5MKG5/197...
To request GPUs, add --gpus-per-node X or --gpus X, where X is the desired number of GPUs.
Job 2058202 running on hopper[027-028]
slurmstepd: error: Detected 1 oom-kill event(s) in StepId=2058202.0. Some of your processes may have been killed by the cgroup out-of-memory handler.
srun: error: hopper027: task 3: Out Of Memory
[hopper027:53463] *** An error occurred in MPI_Send
[hopper027:53463] *** reported by process [1742340096,0]
[hopper027:53463] *** on communicator MPI COMMUNICATOR 4 SPLIT FROM 3
[hopper027:53463] *** MPI_ERR_OTHER: known error not in list
[hopper027:53463] *** MPI_ERRORS_ARE_FATAL (processes in this communicator will now abort,
[hopper027:53463] ***    and potentially your MPI job)
slurmstepd: error: *** STEP 2058202.0 ON hopper027 CANCELLED AT 2023-09-20T20:32:47 ***
srun: Job step aborted: Waiting up to 32 seconds for job step to finish.
srun: error: hopper028: tasks 8-15: Killed
xhpl finished
Results: Gflops : Rate of execution for solving the linear system. The following parameter values will be used:
Results data: Gflops : Rate of execution for solving the linear system. The following parameter values will be used:
Results Gflops: used:
Writing input parameters and gflops to /users/rdscher/cs499/HPL/hopper/gcc-11/param_sweep/HPL_results.csv
Deleted /carc/scratch/users/rdscher/tmp.2VKUa5MKG5
slurmstepd: error: Detected 3 oom-kill event(s) in StepId=2058202.batch. Some of your processes may have been killed by the cgroup out-of-memory handler.
