Using parameter file /users/rdscher/cs499/HPL/hopper/gcc-11/param_sweep/HPL_params.csv
Using template file /users/rdscher/cs499/HPL/hopper/gcc-11/param_sweep/HPL_template.dat
Read param line 234: 208,6,1
Read param BLOCK_SIZE: 208
Temp directory: /carc/scratch/users/rdscher/tmp.9Ui053tBgC
Created temporary working directory: /carc/scratch/users/rdscher/tmp.9Ui053tBgC/234
Now running in /carc/scratch/users/rdscher/tmp.9Ui053tBgC/234
Running xhpl in /carc/scratch/users/rdscher/tmp.9Ui053tBgC/234...
To request GPUs, add --gpus-per-node X or --gpus X, where X is the desired number of GPUs.
Job 2058241 running on hopper[027-028]
slurmstepd: error: Detected 1 oom-kill event(s) in StepId=2058241.0. Some of your processes may have been killed by the cgroup out-of-memory handler.
srun: error: hopper027: task 1: Out Of Memory
[1695264207.654959] [hopper027:55686:0]        mm_posix.c:206  UCX  ERROR open(file_name=/proc/55690/fd/14 flags=0x0) failed: No such file or directory
[hopper027:55688] *** An error occurred in MPI_Send
[hopper027:55688] *** reported by process [1744896000,2]
[hopper027:55688] *** on communicator MPI COMMUNICATOR 5 SPLIT FROM 3
[hopper027:55688] *** MPI_ERR_OTHER: known error not in list
[hopper027:55688] *** MPI_ERRORS_ARE_FATAL (processes in this communicator will now abort,
[hopper027:55688] ***    and potentially your MPI job)
[hopper027:55686] *** An error occurred in MPI_Send
[hopper027:55686] *** reported by process [1744896000,0]
[hopper027:55686] *** on communicator MPI COMMUNICATOR 5 SPLIT FROM 3
[hopper027:55686] *** MPI_ERR_OTHER: known error not in list
[hopper027:55686] *** MPI_ERRORS_ARE_FATAL (processes in this communicator will now abort,
[hopper027:55686] ***    and potentially your MPI job)
slurmstepd: error: *** STEP 2058241.0 ON hopper027 CANCELLED AT 2023-09-20T20:43:27 ***
srun: Job step aborted: Waiting up to 32 seconds for job step to finish.
srun: error: hopper028: tasks 8-15: Killed
xhpl finished
Results: Gflops : Rate of execution for solving the linear system. The following parameter values will be used:
Results data: Gflops : Rate of execution for solving the linear system. The following parameter values will be used:
Results Gflops: used:
Writing input parameters and gflops to /users/rdscher/cs499/HPL/hopper/gcc-11/param_sweep/HPL_results.csv
Deleted /carc/scratch/users/rdscher/tmp.9Ui053tBgC
slurmstepd: error: Detected 7 oom-kill event(s) in StepId=2058241.batch. Some of your processes may have been killed by the cgroup out-of-memory handler.
