Using parameter file /users/rdscher/cs499/HPL/hopper/gcc-11/param_sweep/HPL_params.csv
Using template file /users/rdscher/cs499/HPL/hopper/gcc-11/param_sweep/HPL_template.dat
Read param line 139: 352,2,2
Read param BLOCK_SIZE: 352
Temp directory: /carc/scratch/users/rdscher/tmp.DwTD4HbCzk
Created temporary working directory: /carc/scratch/users/rdscher/tmp.DwTD4HbCzk/139
Now running in /carc/scratch/users/rdscher/tmp.DwTD4HbCzk/139
Running xhpl in /carc/scratch/users/rdscher/tmp.DwTD4HbCzk/139...
To request GPUs, add --gpus-per-node X or --gpus X, where X is the desired number of GPUs.
Job 2058144 running on hopper[056-057]
slurmstepd: error: Detected 4 oom-kill event(s) in StepId=2058144.0. Some of your processes may have been killed by the cgroup out-of-memory handler.
srun: error: hopper056: task 2: Out Of Memory
[1695262944.753607] [hopper056:45037:0]        mm_posix.c:206  UCX  ERROR open(file_name=/proc/45039/fd/14 flags=0x0) failed: No such file or directory
[hopper056:45037] *** An error occurred in MPI_Send
[hopper056:45037] *** reported by process [1738539008,0]
[hopper056:45037] *** on communicator MPI COMMUNICATOR 5 SPLIT FROM 3
[hopper056:45037] *** MPI_ERR_OTHER: known error not in list
[hopper056:45037] *** MPI_ERRORS_ARE_FATAL (processes in this communicator will now abort,
[hopper056:45037] ***    and potentially your MPI job)
slurmstepd: error: *** STEP 2058144.0 ON hopper056 CANCELLED AT 2023-09-20T20:22:24 ***
srun: Job step aborted: Waiting up to 32 seconds for job step to finish.
srun: error: hopper057: tasks 8-15: Killed
xhpl finished
Results: Gflops : Rate of execution for solving the linear system. The following parameter values will be used:
Results data: Gflops : Rate of execution for solving the linear system. The following parameter values will be used:
Results Gflops: used:
Writing input parameters and gflops to /users/rdscher/cs499/HPL/hopper/gcc-11/param_sweep/HPL_results.csv
Deleted /carc/scratch/users/rdscher/tmp.DwTD4HbCzk
slurmstepd: error: Detected 5 oom-kill event(s) in StepId=2058144.batch. Some of your processes may have been killed by the cgroup out-of-memory handler.
