Using parameter file /users/rdscher/cs499/HPL/hopper/gcc-11/param_sweep/HPL_params.csv
Using template file /users/rdscher/cs499/HPL/hopper/gcc-11/param_sweep/HPL_template.dat
Read param line 18: 256,3,1
Read param BLOCK_SIZE: 256
Temp directory: /carc/scratch/users/rdscher/tmp.QY8c6bq2NF
Created temporary working directory: /carc/scratch/users/rdscher/tmp.QY8c6bq2NF/18
Now running in /carc/scratch/users/rdscher/tmp.QY8c6bq2NF/18
Running xhpl in /carc/scratch/users/rdscher/tmp.QY8c6bq2NF/18...
To request GPUs, add --gpus-per-node X or --gpus X, where X is the desired number of GPUs.
Job 2058022 running on hopper[013-014]
slurmstepd: error: Detected 1 oom-kill event(s) in StepId=2058022.0. Some of your processes may have been killed by the cgroup out-of-memory handler.
srun: error: hopper013: task 2: Out Of Memory
[1695261537.311637] [hopper013:822361:0]        mm_posix.c:206  UCX  ERROR open(file_name=/proc/822363/fd/14 flags=0x0) failed: No such file or directory
[hopper013:822361] *** An error occurred in MPI_Send
[hopper013:822361] *** reported by process [1730543616,0]
[hopper013:822361] *** on communicator MPI COMMUNICATOR 5 SPLIT FROM 3
[hopper013:822361] *** MPI_ERR_OTHER: known error not in list
[hopper013:822361] *** MPI_ERRORS_ARE_FATAL (processes in this communicator will now abort,
[hopper013:822361] ***    and potentially your MPI job)
slurmstepd: error: *** STEP 2058022.0 ON hopper013 CANCELLED AT 2023-09-20T19:58:57 ***
srun: Job step aborted: Waiting up to 32 seconds for job step to finish.
srun: error: hopper014: tasks 8-15: Killed
xhpl finished
Results: Gflops : Rate of execution for solving the linear system. The following parameter values will be used:
Results data: Gflops : Rate of execution for solving the linear system. The following parameter values will be used:
Results Gflops: used:
Writing input parameters and gflops to /users/rdscher/cs499/HPL/hopper/gcc-11/param_sweep/HPL_results.csv
Deleted /carc/scratch/users/rdscher/tmp.QY8c6bq2NF
slurmstepd: error: Detected 2 oom-kill event(s) in StepId=2058022.batch. Some of your processes may have been killed by the cgroup out-of-memory handler.
