Using parameter file /users/rdscher/cs499/HPL/hopper/gcc-11/param_sweep/HPL_params.csv
Using template file /users/rdscher/cs499/HPL/hopper/gcc-11/param_sweep/HPL_template.dat
Read param line 201: 208,1,8
Read param BLOCK_SIZE: 208
Temp directory: /carc/scratch/users/rdscher/tmp.fr1jCdWvPR
Created temporary working directory: /carc/scratch/users/rdscher/tmp.fr1jCdWvPR/201
Now running in /carc/scratch/users/rdscher/tmp.fr1jCdWvPR/201
Running xhpl in /carc/scratch/users/rdscher/tmp.fr1jCdWvPR/201...
To request GPUs, add --gpus-per-node X or --gpus X, where X is the desired number of GPUs.
Job 2058206 running on hopper[026-027]
slurmstepd: error: Detected 1 oom-kill event(s) in StepId=2058206.0. Some of your processes may have been killed by the cgroup out-of-memory handler.
srun: error: hopper026: task 4: Out Of Memory
[hopper026:64296] *** An error occurred in MPI_Send
[hopper026:64296] *** reported by process [1742602240,0]
[hopper026:64296] *** on communicator MPI COMMUNICATOR 4 SPLIT FROM 3
[hopper026:64296] *** MPI_ERR_OTHER: known error not in list
[hopper026:64296] *** MPI_ERRORS_ARE_FATAL (processes in this communicator will now abort,
[hopper026:64296] ***    and potentially your MPI job)
slurmstepd: error: *** STEP 2058206.0 ON hopper026 CANCELLED AT 2023-09-20T20:33:43 ***
srun: Job step aborted: Waiting up to 32 seconds for job step to finish.
srun: error: hopper027: tasks 8-15: Killed
xhpl finished
Results: Gflops : Rate of execution for solving the linear system. The following parameter values will be used:
Results data: Gflops : Rate of execution for solving the linear system. The following parameter values will be used:
Results Gflops: used:
Writing input parameters and gflops to /users/rdscher/cs499/HPL/hopper/gcc-11/param_sweep/HPL_results.csv
Deleted /carc/scratch/users/rdscher/tmp.fr1jCdWvPR
slurmstepd: error: Detected 15 oom-kill event(s) in StepId=2058206.batch. Some of your processes may have been killed by the cgroup out-of-memory handler.
