Using parameter file /users/rdscher/cs499/HPL/hopper/gcc-11/param_sweep/HPL_params.csv
Using template file /users/rdscher/cs499/HPL/hopper/gcc-11/param_sweep/HPL_template.dat
Read param line 171: 352,6,2
Read param BLOCK_SIZE: 352
Temp directory: /carc/scratch/users/rdscher/tmp.YPxArWUQYJ
Created temporary working directory: /carc/scratch/users/rdscher/tmp.YPxArWUQYJ/171
Now running in /carc/scratch/users/rdscher/tmp.YPxArWUQYJ/171
Running xhpl in /carc/scratch/users/rdscher/tmp.YPxArWUQYJ/171...
To request GPUs, add --gpus-per-node X or --gpus X, where X is the desired number of GPUs.
Job 2058176 running on hopper[015-016]
slurmstepd: error: Detected 3 oom-kill event(s) in StepId=2058176.0. Some of your processes may have been killed by the cgroup out-of-memory handler.
srun: error: hopper015: task 3: Out Of Memory
[hopper015:50583] *** An error occurred in MPI_Send
[hopper015:50583] *** reported by process [1740636160,2]
[hopper015:50583] *** on communicator MPI COMMUNICATOR 4 SPLIT FROM 3
[hopper015:50583] *** MPI_ERR_OTHER: known error not in list
[hopper015:50583] *** MPI_ERRORS_ARE_FATAL (processes in this communicator will now abort,
[hopper015:50583] ***    and potentially your MPI job)
slurmstepd: error: *** STEP 2058176.0 ON hopper015 CANCELLED AT 2023-09-20T20:30:13 ***
srun: Job step aborted: Waiting up to 32 seconds for job step to finish.
srun: error: hopper016: tasks 8-15: Killed
xhpl finished
Results: Gflops : Rate of execution for solving the linear system. The following parameter values will be used:
Results data: Gflops : Rate of execution for solving the linear system. The following parameter values will be used:
Results Gflops: used:
Writing input parameters and gflops to /users/rdscher/cs499/HPL/hopper/gcc-11/param_sweep/HPL_results.csv
Deleted /carc/scratch/users/rdscher/tmp.YPxArWUQYJ
slurmstepd: error: Detected 3 oom-kill event(s) in StepId=2058176.batch. Some of your processes may have been killed by the cgroup out-of-memory handler.
