Using parameter file /users/rdscher/cs499/HPL/hopper/gcc-11/param_sweep/HPL_params.csv
Using template file /users/rdscher/cs499/HPL/hopper/gcc-11/param_sweep/HPL_template.dat
Read param line 43: 256,6,2
Read param BLOCK_SIZE: 256
Temp directory: /carc/scratch/users/rdscher/tmp.cX2uHkrrkH
Created temporary working directory: /carc/scratch/users/rdscher/tmp.cX2uHkrrkH/43
Now running in /carc/scratch/users/rdscher/tmp.cX2uHkrrkH/43
Running xhpl in /carc/scratch/users/rdscher/tmp.cX2uHkrrkH/43...
To request GPUs, add --gpus-per-node X or --gpus X, where X is the desired number of GPUs.
Job 2058048 running on hopper[013-014]
slurmstepd: error: Detected 1 oom-kill event(s) in StepId=2058048.0. Some of your processes may have been killed by the cgroup out-of-memory handler.
srun: error: hopper013: task 6: Out Of Memory
[hopper013:823981] *** An error occurred in MPI_Send
[hopper013:823981] *** reported by process [1732247552,4]
[hopper013:823981] *** on communicator MPI COMMUNICATOR 5 SPLIT FROM 3
[hopper013:823981] *** MPI_ERR_OTHER: known error not in list
[hopper013:823981] *** MPI_ERRORS_ARE_FATAL (processes in this communicator will now abort,
[hopper013:823981] ***    and potentially your MPI job)
[hopper013:823979] *** An error occurred in MPI_Send
[hopper013:823979] *** reported by process [1732247552,2]
[hopper013:823979] *** on communicator MPI COMMUNICATOR 5 SPLIT FROM 3
[hopper013:823979] *** MPI_ERR_OTHER: known error not in list
[hopper013:823979] *** MPI_ERRORS_ARE_FATAL (processes in this communicator will now abort,
[hopper013:823979] ***    and potentially your MPI job)
srun: Job step aborted: Waiting up to 32 seconds for job step to finish.
slurmstepd: error: *** STEP 2058048.0 ON hopper013 CANCELLED AT 2023-09-20T20:08:47 ***
srun: error: hopper014: tasks 8-15: Killed
xhpl finished
Results: Gflops : Rate of execution for solving the linear system. The following parameter values will be used:
Results data: Gflops : Rate of execution for solving the linear system. The following parameter values will be used:
Results Gflops: used:
Writing input parameters and gflops to /users/rdscher/cs499/HPL/hopper/gcc-11/param_sweep/HPL_results.csv
Deleted /carc/scratch/users/rdscher/tmp.cX2uHkrrkH
slurmstepd: error: Detected 1 oom-kill event(s) in StepId=2058048.batch. Some of your processes may have been killed by the cgroup out-of-memory handler.
