Using parameter file /users/rdscher/cs499/HPL/hopper/gcc-11/param_sweep/HPL_params.csv
Using template file /users/rdscher/cs499/HPL/hopper/gcc-11/param_sweep/HPL_template.dat
Read param line 284: 432,4,3
Read param BLOCK_SIZE: 432
Temp directory: /carc/scratch/users/rdscher/tmp.IJmutb2KsZ
Created temporary working directory: /carc/scratch/users/rdscher/tmp.IJmutb2KsZ/284
Now running in /carc/scratch/users/rdscher/tmp.IJmutb2KsZ/284
Running xhpl in /carc/scratch/users/rdscher/tmp.IJmutb2KsZ/284...
To request GPUs, add --gpus-per-node X or --gpus X, where X is the desired number of GPUs.
Job 2058291 running on hopper[026-027]
slurmstepd: error: Detected 1 oom-kill event(s) in StepId=2058291.0. Some of your processes may have been killed by the cgroup out-of-memory handler.
srun: error: hopper026: task 5: Out Of Memory
[hopper026:70867] *** An error occurred in MPI_Send
[hopper026:70867] *** reported by process [1748172800,3]
[hopper026:70867] *** on communicator MPI COMMUNICATOR 4 SPLIT FROM 3
[hopper026:70867] *** MPI_ERR_OTHER: known error not in list
[hopper026:70867] *** MPI_ERRORS_ARE_FATAL (processes in this communicator will now abort,
[hopper026:70867] ***    and potentially your MPI job)
srun: Job step aborted: Waiting up to 32 seconds for job step to finish.
slurmstepd: error: *** STEP 2058291.0 ON hopper026 CANCELLED AT 2023-09-20T20:54:47 ***
[hopper026:70870] *** An error occurred in MPI_Send
[hopper026:70870] *** reported by process [1748172800,6]
[hopper026:70870] *** on communicator MPI COMMUNICATOR 4 SPLIT FROM 3
[hopper026:70870] *** MPI_ERR_OTHER: known error not in list
[hopper026:70870] *** MPI_ERRORS_ARE_FATAL (processes in this communicator will now abort,
[hopper026:70870] ***    and potentially your MPI job)
srun: error: hopper027: tasks 8-15: Killed
xhpl finished
Results: Gflops : Rate of execution for solving the linear system. The following parameter values will be used:
Results data: Gflops : Rate of execution for solving the linear system. The following parameter values will be used:
Results Gflops: used:
Writing input parameters and gflops to /users/rdscher/cs499/HPL/hopper/gcc-11/param_sweep/HPL_results.csv
Deleted /carc/scratch/users/rdscher/tmp.IJmutb2KsZ
slurmstepd: error: Detected 1 oom-kill event(s) in StepId=2058291.batch. Some of your processes may have been killed by the cgroup out-of-memory handler.
