Using parameter file /users/rdscher/cs499/HPL/hopper/gcc-11/param_sweep/HPL_params.csv
Using template file /users/rdscher/cs499/HPL/hopper/gcc-11/param_sweep/HPL_template.dat
Read param line 74: 288,2,1
Read param BLOCK_SIZE: 288
Temp directory: /carc/scratch/users/rdscher/tmp.3jWMq2D4vQ
Created temporary working directory: /carc/scratch/users/rdscher/tmp.3jWMq2D4vQ/74
Now running in /carc/scratch/users/rdscher/tmp.3jWMq2D4vQ/74
Running xhpl in /carc/scratch/users/rdscher/tmp.3jWMq2D4vQ/74...
To request GPUs, add --gpus-per-node X or --gpus X, where X is the desired number of GPUs.
Job 2058079 running on hopper[025-026]
slurmstepd: error: Detected 1 oom-kill event(s) in StepId=2058079.0. Some of your processes may have been killed by the cgroup out-of-memory handler.
srun: error: hopper025: task 1: Out Of Memory
[1695262309.203960] [hopper025:50507:0]        mm_posix.c:206  UCX  ERROR open(file_name=/proc/50508/fd/15 flags=0x0) failed: No such file or directory
[hopper025:50507] *** An error occurred in MPI_Send
[hopper025:50507] *** reported by process [1734279168,0]
[hopper025:50507] *** on communicator MPI COMMUNICATOR 5 SPLIT FROM 3
[hopper025:50507] *** MPI_ERR_OTHER: known error not in list
[hopper025:50507] *** MPI_ERRORS_ARE_FATAL (processes in this communicator will now abort,
[hopper025:50507] ***    and potentially your MPI job)
slurmstepd: error: *** STEP 2058079.0 ON hopper025 CANCELLED AT 2023-09-20T20:11:49 ***
srun: Job step aborted: Waiting up to 32 seconds for job step to finish.
srun: error: hopper026: tasks 8-15: Killed
xhpl finished
Results: Gflops : Rate of execution for solving the linear system. The following parameter values will be used:
Results data: Gflops : Rate of execution for solving the linear system. The following parameter values will be used:
Results Gflops: used:
Writing input parameters and gflops to /users/rdscher/cs499/HPL/hopper/gcc-11/param_sweep/HPL_results.csv
Deleted /carc/scratch/users/rdscher/tmp.3jWMq2D4vQ
slurmstepd: error: Detected 1 oom-kill event(s) in StepId=2058079.batch. Some of your processes may have been killed by the cgroup out-of-memory handler.
