Using parameter file /users/rdscher/cs499/HPL/hopper/gcc-11/param_sweep/HPL_params.csv
Using template file /users/rdscher/cs499/HPL/hopper/gcc-11/param_sweep/HPL_template.dat
Read param line 72: 288,1,7
Read param BLOCK_SIZE: 288
Temp directory: /carc/scratch/users/rdscher/tmp.QUHW27YVH5
Created temporary working directory: /carc/scratch/users/rdscher/tmp.QUHW27YVH5/72
Now running in /carc/scratch/users/rdscher/tmp.QUHW27YVH5/72
Running xhpl in /carc/scratch/users/rdscher/tmp.QUHW27YVH5/72...
To request GPUs, add --gpus-per-node X or --gpus X, where X is the desired number of GPUs.
Job 2058077 running on hopper[025-026]
slurmstepd: error: Detected 4 oom-kill event(s) in StepId=2058077.0. Some of your processes may have been killed by the cgroup out-of-memory handler.
srun: error: hopper025: task 2: Out Of Memory
[hopper025:50039] *** An error occurred in MPI_Send
[hopper025:50039] *** reported by process [1734148096,0]
[hopper025:50039] *** on communicator MPI COMMUNICATOR 4 SPLIT FROM 3
[hopper025:50039] *** MPI_ERR_OTHER: known error not in list
[hopper025:50039] *** MPI_ERRORS_ARE_FATAL (processes in this communicator will now abort,
[hopper025:50039] ***    and potentially your MPI job)
slurmstepd: error: *** STEP 2058077.0 ON hopper025 CANCELLED AT 2023-09-20T20:11:14 ***
srun: Job step aborted: Waiting up to 32 seconds for job step to finish.
srun: error: hopper026: tasks 8-15: Killed
xhpl finished
Results: Gflops : Rate of execution for solving the linear system. The following parameter values will be used:
Results data: Gflops : Rate of execution for solving the linear system. The following parameter values will be used:
Results Gflops: used:
Writing input parameters and gflops to /users/rdscher/cs499/HPL/hopper/gcc-11/param_sweep/HPL_results.csv
Deleted /carc/scratch/users/rdscher/tmp.QUHW27YVH5
slurmstepd: error: Detected 83 oom-kill event(s) in StepId=2058077.batch. Some of your processes may have been killed by the cgroup out-of-memory handler.
