Using parameter file /users/rdscher/cs499/HPL/hopper/gcc-11/param_sweep/HPL_params.csv
Using template file /users/rdscher/cs499/HPL/hopper/gcc-11/param_sweep/HPL_template.dat
Read param line 266: 432,2,1
Read param BLOCK_SIZE: 432
Temp directory: /carc/scratch/users/rdscher/tmp.MBbXKGtL2X
Created temporary working directory: /carc/scratch/users/rdscher/tmp.MBbXKGtL2X/266
Now running in /carc/scratch/users/rdscher/tmp.MBbXKGtL2X/266
Running xhpl in /carc/scratch/users/rdscher/tmp.MBbXKGtL2X/266...
To request GPUs, add --gpus-per-node X or --gpus X, where X is the desired number of GPUs.
Job 2058273 running on hopper[026-027]
slurmstepd: error: Detected 1 oom-kill event(s) in StepId=2058273.0. Some of your processes may have been killed by the cgroup out-of-memory handler.
srun: error: hopper026: task 1: Out Of Memory
[1695264445.123461] [hopper026:70195:0]        mm_posix.c:206  UCX  ERROR open(file_name=/proc/70196/fd/15 flags=0x0) failed: No such file or directory
[hopper026:70195] *** An error occurred in MPI_Send
[hopper026:70195] *** reported by process [1746993152,0]
[hopper026:70195] *** on communicator MPI COMMUNICATOR 5 SPLIT FROM 3
[hopper026:70195] *** MPI_ERR_OTHER: known error not in list
[hopper026:70195] *** MPI_ERRORS_ARE_FATAL (processes in this communicator will now abort,
[hopper026:70195] ***    and potentially your MPI job)
slurmstepd: error: *** STEP 2058273.0 ON hopper026 CANCELLED AT 2023-09-20T20:47:25 ***
srun: Job step aborted: Waiting up to 32 seconds for job step to finish.
srun: error: hopper027: tasks 8-15: Killed
xhpl finished
Results: Gflops : Rate of execution for solving the linear system. The following parameter values will be used:
Results data: Gflops : Rate of execution for solving the linear system. The following parameter values will be used:
Results Gflops: used:
Writing input parameters and gflops to /users/rdscher/cs499/HPL/hopper/gcc-11/param_sweep/HPL_results.csv
Deleted /carc/scratch/users/rdscher/tmp.MBbXKGtL2X
slurmstepd: error: Detected 1 oom-kill event(s) in StepId=2058273.batch. Some of your processes may have been killed by the cgroup out-of-memory handler.
