Using parameter file /users/rdscher/cs499/HPL/hopper/gcc-11/param_sweep/HPL_params.csv
Using template file /users/rdscher/cs499/HPL/hopper/gcc-11/param_sweep/HPL_template.dat
Read param line 3: 256,1,2
Read param BLOCK_SIZE: 256
Temp directory: /carc/scratch/users/rdscher/tmp.sXsdm6eKf0
Created temporary working directory: /carc/scratch/users/rdscher/tmp.sXsdm6eKf0/3
Now running in /carc/scratch/users/rdscher/tmp.sXsdm6eKf0/3
Running xhpl in /carc/scratch/users/rdscher/tmp.sXsdm6eKf0/3...
To request GPUs, add --gpus-per-node X or --gpus X, where X is the desired number of GPUs.
Job 2058007 running on hopper[013-014]
slurmstepd: error: Detected 15 oom-kill event(s) in StepId=2058007.0. Some of your processes may have been killed by the cgroup out-of-memory handler.
srun: error: hopper013: task 1: Out Of Memory
[hopper013:821245] *** An error occurred in MPI_Send
[hopper013:821245] *** reported by process [1729560576,0]
[hopper013:821245] *** on communicator MPI COMMUNICATOR 4 SPLIT FROM 3
[hopper013:821245] *** MPI_ERR_OTHER: known error not in list
[hopper013:821245] *** MPI_ERRORS_ARE_FATAL (processes in this communicator will now abort,
[hopper013:821245] ***    and potentially your MPI job)
slurmstepd: error: *** STEP 2058007.0 ON hopper013 CANCELLED AT 2023-09-20T19:58:50 ***
srun: Job step aborted: Waiting up to 32 seconds for job step to finish.
srun: error: hopper014: tasks 8-15: Killed
xhpl finished
Results: Gflops : Rate of execution for solving the linear system. The following parameter values will be used:
Results data: Gflops : Rate of execution for solving the linear system. The following parameter values will be used:
Results Gflops: used:
Writing input parameters and gflops to /users/rdscher/cs499/HPL/hopper/gcc-11/param_sweep/HPL_results.csv
Deleted /carc/scratch/users/rdscher/tmp.sXsdm6eKf0
slurmstepd: error: Detected 15 oom-kill event(s) in StepId=2058007.batch. Some of your processes may have been killed by the cgroup out-of-memory handler.
