Using parameter file /users/rdscher/cs499/HPL/hopper/gcc-11/param_sweep/HPL_params.csv
Using template file /users/rdscher/cs499/HPL/hopper/gcc-11/param_sweep/HPL_template.dat
Read param line 298: 432,6,1
Read param BLOCK_SIZE: 432
Temp directory: /carc/scratch/users/rdscher/tmp.3dX3012xGN
Created temporary working directory: /carc/scratch/users/rdscher/tmp.3dX3012xGN/298
Now running in /carc/scratch/users/rdscher/tmp.3dX3012xGN/298
Running xhpl in /carc/scratch/users/rdscher/tmp.3dX3012xGN/298...
To request GPUs, add --gpus-per-node X or --gpus X, where X is the desired number of GPUs.
Job 2058305 running on hopper[013-014]
slurmstepd: error: Detected 1 oom-kill event(s) in StepId=2058305.0. Some of your processes may have been killed by the cgroup out-of-memory handler.
srun: error: hopper013: task 2: Out Of Memory
[hopper013:843313] *** An error occurred in MPI_Send
[hopper013:843313] *** reported by process [1749090304,0]
[hopper013:843313] *** on communicator MPI COMMUNICATOR 5 SPLIT FROM 3
[hopper013:843313] *** MPI_ERR_OTHER: known error not in list
[hopper013:843313] *** MPI_ERRORS_ARE_FATAL (processes in this communicator will now abort,
[hopper013:843313] ***    and potentially your MPI job)
[hopper013:843318] *** An error occurred in MPI_Send
[hopper013:843318] *** reported by process [1749090304,5]
[hopper013:843318] *** on communicator MPI COMMUNICATOR 5 SPLIT FROM 3
[hopper013:843318] *** MPI_ERR_OTHER: known error not in list
[hopper013:843318] *** MPI_ERRORS_ARE_FATAL (processes in this communicator will now abort,
[hopper013:843318] ***    and potentially your MPI job)
slurmstepd: error: *** STEP 2058305.0 ON hopper013 CANCELLED AT 2023-09-20T20:55:58 ***
srun: Job step aborted: Waiting up to 32 seconds for job step to finish.
srun: error: hopper014: tasks 8-15: Killed
xhpl finished
Results: Gflops : Rate of execution for solving the linear system. The following parameter values will be used:
Results data: Gflops : Rate of execution for solving the linear system. The following parameter values will be used:
Results Gflops: used:
Writing input parameters and gflops to /users/rdscher/cs499/HPL/hopper/gcc-11/param_sweep/HPL_results.csv
Deleted /carc/scratch/users/rdscher/tmp.3dX3012xGN
slurmstepd: error: Detected 20 oom-kill event(s) in StepId=2058305.batch. Some of your processes may have been killed by the cgroup out-of-memory handler.
