Using parameter file /users/rdscher/cs499/HPL/hopper/gcc-11/param_sweep/HPL_params.csv
Using template file /users/rdscher/cs499/HPL/hopper/gcc-11/param_sweep/HPL_template.dat
Read param line 203: 208,2,2
Read param BLOCK_SIZE: 208
Temp directory: /carc/scratch/users/rdscher/tmp.nA4zAtqURm
Created temporary working directory: /carc/scratch/users/rdscher/tmp.nA4zAtqURm/203
Now running in /carc/scratch/users/rdscher/tmp.nA4zAtqURm/203
Running xhpl in /carc/scratch/users/rdscher/tmp.nA4zAtqURm/203...
To request GPUs, add --gpus-per-node X or --gpus X, where X is the desired number of GPUs.
Job 2058209 running on hopper[024-025]
slurmstepd: error: Detected 1 oom-kill event(s) in StepId=2058209.0. Some of your processes may have been killed by the cgroup out-of-memory handler.
srun: error: hopper024: task 3: Out Of Memory
[1695263665.676516] [hopper024:89599:0]        mm_posix.c:206  UCX  ERROR open(file_name=/proc/89601/fd/14 flags=0x0) failed: No such file or directory
[hopper024:89599] *** An error occurred in MPI_Send
[hopper024:89599] *** reported by process [1742798848,0]
[hopper024:89599] *** on communicator MPI COMMUNICATOR 5 SPLIT FROM 3
[hopper024:89599] *** MPI_ERR_OTHER: known error not in list
[hopper024:89599] *** MPI_ERRORS_ARE_FATAL (processes in this communicator will now abort,
[hopper024:89599] ***    and potentially your MPI job)
slurmstepd: error: *** STEP 2058209.0 ON hopper024 CANCELLED AT 2023-09-20T20:34:25 ***
srun: Job step aborted: Waiting up to 32 seconds for job step to finish.
srun: error: hopper025: tasks 8-15: Killed
xhpl finished
Results: Gflops : Rate of execution for solving the linear system. The following parameter values will be used:
Results data: Gflops : Rate of execution for solving the linear system. The following parameter values will be used:
Results Gflops: used:
Writing input parameters and gflops to /users/rdscher/cs499/HPL/hopper/gcc-11/param_sweep/HPL_results.csv
Deleted /carc/scratch/users/rdscher/tmp.nA4zAtqURm
slurmstepd: error: Detected 7 oom-kill event(s) in StepId=2058209.batch. Some of your processes may have been killed by the cgroup out-of-memory handler.
