Using parameter file /users/rdscher/cs499/HPL/hopper/gcc-11/param_sweep/HPL_params.csv
Using template file /users/rdscher/cs499/HPL/hopper/gcc-11/param_sweep/HPL_template.dat
Read param line 265: 432,1,8
Read param BLOCK_SIZE: 432
Temp directory: /carc/scratch/users/rdscher/tmp.e587xBfZy7
Created temporary working directory: /carc/scratch/users/rdscher/tmp.e587xBfZy7/265
Now running in /carc/scratch/users/rdscher/tmp.e587xBfZy7/265
Running xhpl in /carc/scratch/users/rdscher/tmp.e587xBfZy7/265...
To request GPUs, add --gpus-per-node X or --gpus X, where X is the desired number of GPUs.
Job 2058272 running on hopper[026-027]
slurmstepd: error: Detected 12 oom-kill event(s) in StepId=2058272.0. Some of your processes may have been killed by the cgroup out-of-memory handler.
srun: error: hopper026: task 1: Out Of Memory
[hopper026:69963] *** An error occurred in MPI_Send
[hopper026:69963] *** reported by process [1746927616,0]
[hopper026:69963] *** on communicator MPI COMMUNICATOR 4 SPLIT FROM 3
[hopper026:69963] *** MPI_ERR_OTHER: known error not in list
[hopper026:69963] *** MPI_ERRORS_ARE_FATAL (processes in this communicator will now abort,
[hopper026:69963] ***    and potentially your MPI job)
slurmstepd: error: *** STEP 2058272.0 ON hopper026 CANCELLED AT 2023-09-20T20:46:58 ***
srun: Job step aborted: Waiting up to 32 seconds for job step to finish.
srun: error: hopper027: tasks 8-15: Killed
xhpl finished
Results: Gflops : Rate of execution for solving the linear system. The following parameter values will be used:
Results data: Gflops : Rate of execution for solving the linear system. The following parameter values will be used:
Results Gflops: used:
Writing input parameters and gflops to /users/rdscher/cs499/HPL/hopper/gcc-11/param_sweep/HPL_results.csv
Deleted /carc/scratch/users/rdscher/tmp.e587xBfZy7
slurmstepd: error: Detected 16 oom-kill event(s) in StepId=2058272.batch. Some of your processes may have been killed by the cgroup out-of-memory handler.
