Using parameter file /users/rdscher/cs499/HPL/hopper/gcc-11/param_sweep/HPL_params.csv
Using template file /users/rdscher/cs499/HPL/hopper/gcc-11/param_sweep/HPL_template.dat
Read param line 40: 256,5,7
Read param BLOCK_SIZE: 256
Temp directory: /carc/scratch/users/rdscher/tmp.lkcxrxzRli
Created temporary working directory: /carc/scratch/users/rdscher/tmp.lkcxrxzRli/40
Now running in /carc/scratch/users/rdscher/tmp.lkcxrxzRli/40
Running xhpl in /carc/scratch/users/rdscher/tmp.lkcxrxzRli/40...
To request GPUs, add --gpus-per-node X or --gpus X, where X is the desired number of GPUs.
Job 2058045 running on hopper[025-026]
HPL ERROR from process # 0, on line 419 of function HPL_pdinfo:
>>> Need at least 35 processes for these tests <<<

HPL ERROR from process # 0, on line 621 of function HPL_pdinfo:
>>> Illegal input in file HPL.dat. Exiting ... <<<

srun: error: hopper026: tasks 8-15: Exited with exit code 1
srun: error: hopper025: tasks 0-7: Exited with exit code 1
xhpl finished
Results:
Results data:
Results Gflops:
Writing input parameters and gflops to /users/rdscher/cs499/HPL/hopper/gcc-11/param_sweep/HPL_results.csv
Deleted /carc/scratch/users/rdscher/tmp.lkcxrxzRli
