Using parameter file /users/rdscher/cs499/HPL/hopper/gcc-11/param_sweep/HPL_params.csv
Using template file /users/rdscher/cs499/HPL/hopper/gcc-11/param_sweep/HPL_template.dat
Read param line 1: Number,P,Q
Read param BLOCK_SIZE: Number
Temp directory: /carc/scratch/users/rdscher/tmp.fSbqWB31k5
Created temporary working directory: /carc/scratch/users/rdscher/tmp.fSbqWB31k5/1
Now running in /carc/scratch/users/rdscher/tmp.fSbqWB31k5/1
Running xhpl in /carc/scratch/users/rdscher/tmp.fSbqWB31k5/1...
To request GPUs, add --gpus-per-node X or --gpus X, where X is the desired number of GPUs.
Job 2058005 running on hopper[013-014]
HPL ERROR from process # 0, on line 367 of function HPL_pdinfo:
>>> Value of NB less than 1 <<<

HPL ERROR from process # 0, on line 621 of function HPL_pdinfo:
>>> Illegal input in file HPL.dat. Exiting ... <<<

srun: error: hopper014: tasks 8-15: Exited with exit code 1
srun: error: hopper013: tasks 0-7: Exited with exit code 1
xhpl finished
Results:
Results data:
Results Gflops:
Writing input parameters and gflops to /users/rdscher/cs499/HPL/hopper/gcc-11/param_sweep/HPL_results.csv
Deleted /carc/scratch/users/rdscher/tmp.fSbqWB31k5
