Using parameter file /users/rdscher/cs499/HPL/hopper/gcc-11/param_sweep/HPL_params.csv
Using template file /users/rdscher/cs499/HPL/hopper/gcc-11/param_sweep/HPL_template.dat
Read param line 227: 208,5,2
Read param BLOCK_SIZE: 208
Temp directory: /carc/scratch/users/rdscher/tmp.GtFy1htQsm
Created temporary working directory: /carc/scratch/users/rdscher/tmp.GtFy1htQsm/227
Now running in /carc/scratch/users/rdscher/tmp.GtFy1htQsm/227
Running xhpl in /carc/scratch/users/rdscher/tmp.GtFy1htQsm/227...
To request GPUs, add --gpus-per-node X or --gpus X, where X is the desired number of GPUs.
Job 2058234 running on hopper[013-014]
slurmstepd: error: Detected 93 oom-kill event(s) in StepId=2058234.0. Some of your processes may have been killed by the cgroup out-of-memory handler.
srun: error: hopper013: task 1: Out Of Memory
[hopper013:836457] *** An error occurred in MPI_Send
[hopper013:836457] *** reported by process [1744437248,0]
[hopper013:836457] *** on communicator MPI COMMUNICATOR 4 SPLIT FROM 3
[hopper013:836457] *** MPI_ERR_OTHER: known error not in list
[hopper013:836457] *** MPI_ERRORS_ARE_FATAL (processes in this communicator will now abort,
[hopper013:836457] ***    and potentially your MPI job)
[hopper013:836459] *** An error occurred in MPI_Send
[hopper013:836459] *** reported by process [1744437248,2]
[hopper013:836459] *** on communicator MPI COMMUNICATOR 4 SPLIT FROM 3
[hopper013:836459] *** MPI_ERR_OTHER: known error not in list
[hopper013:836459] *** MPI_ERRORS_ARE_FATAL (processes in this communicator will now abort,
[hopper013:836459] ***    and potentially your MPI job)
srun: Job step aborted: Waiting up to 32 seconds for job step to finish.
slurmstepd: error: *** STEP 2058234.0 ON hopper013 CANCELLED AT 2023-09-20T20:43:12 ***
srun: error: hopper014: tasks 8-15: Killed
xhpl finished
Results: Gflops : Rate of execution for solving the linear system. The following parameter values will be used:
Results data: Gflops : Rate of execution for solving the linear system. The following parameter values will be used:
Results Gflops: used:
Writing input parameters and gflops to /users/rdscher/cs499/HPL/hopper/gcc-11/param_sweep/HPL_results.csv
Deleted /carc/scratch/users/rdscher/tmp.GtFy1htQsm
slurmstepd: error: Detected 98 oom-kill event(s) in StepId=2058234.batch. Some of your processes may have been killed by the cgroup out-of-memory handler.
