Using parameter file /users/rdscher/cs499/HPL/hopper/gcc-11/param_sweep/HPL_params.csv
Using template file /users/rdscher/cs499/HPL/hopper/gcc-11/param_sweep/HPL_template.dat
Read param line 9: 256,1,8
Read param BLOCK_SIZE: 256
Temp directory: /carc/scratch/users/rdscher/tmp.3352bHh0x8
Created temporary working directory: /carc/scratch/users/rdscher/tmp.3352bHh0x8/9
Now running in /carc/scratch/users/rdscher/tmp.3352bHh0x8/9
Running xhpl in /carc/scratch/users/rdscher/tmp.3352bHh0x8/9...
To request GPUs, add --gpus-per-node X or --gpus X, where X is the desired number of GPUs.
Job 2058013 running on hopper[024-025]
slurmstepd: error: Detected 10 oom-kill event(s) in StepId=2058013.0. Some of your processes may have been killed by the cgroup out-of-memory handler.
srun: error: hopper024: task 5: Out Of Memory
[hopper024:79044] *** An error occurred in MPI_Send
[hopper024:79044] *** reported by process [1729953792,0]
[hopper024:79044] *** on communicator MPI COMMUNICATOR 4 SPLIT FROM 3
[hopper024:79044] *** MPI_ERR_OTHER: known error not in list
[hopper024:79044] *** MPI_ERRORS_ARE_FATAL (processes in this communicator will now abort,
[hopper024:79044] ***    and potentially your MPI job)
slurmstepd: error: *** STEP 2058013.0 ON hopper024 CANCELLED AT 2023-09-20T19:58:31 ***
srun: Job step aborted: Waiting up to 32 seconds for job step to finish.
srun: error: hopper025: tasks 8-15: Killed
xhpl finished
Results: Gflops : Rate of execution for solving the linear system. The following parameter values will be used:
Results data: Gflops : Rate of execution for solving the linear system. The following parameter values will be used:
Results Gflops: used:
Writing input parameters and gflops to /users/rdscher/cs499/HPL/hopper/gcc-11/param_sweep/HPL_results.csv
Deleted /carc/scratch/users/rdscher/tmp.3352bHh0x8
slurmstepd: error: Detected 17 oom-kill event(s) in StepId=2058013.batch. Some of your processes may have been killed by the cgroup out-of-memory handler.
