Using parameter file /users/rdscher/cs499/HPL/hopper/gcc-11/param_sweep/HPL_params.csv
Using template file /users/rdscher/cs499/HPL/hopper/gcc-11/param_sweep/HPL_template.dat
Read param line 186: 352,8,1
Read param BLOCK_SIZE: 352
Temp directory: /carc/scratch/users/rdscher/tmp.cUs5hrYXjk
Created temporary working directory: /carc/scratch/users/rdscher/tmp.cUs5hrYXjk/186
Now running in /carc/scratch/users/rdscher/tmp.cUs5hrYXjk/186
Running xhpl in /carc/scratch/users/rdscher/tmp.cUs5hrYXjk/186...
To request GPUs, add --gpus-per-node X or --gpus X, where X is the desired number of GPUs.
Job 2058191 running on hopper[013-014]
slurmstepd: error: Detected 1 oom-kill event(s) in StepId=2058191.0. Some of your processes may have been killed by the cgroup out-of-memory handler.
srun: error: hopper013: task 3: Out Of Memory
[hopper013:832199] *** An error occurred in MPI_Send
[hopper013:832199] *** reported by process [1741619200,4]
[hopper013:832199] *** on communicator MPI COMMUNICATOR 5 SPLIT FROM 3
[hopper013:832199] *** MPI_ERR_OTHER: known error not in list
[hopper013:832199] *** MPI_ERRORS_ARE_FATAL (processes in this communicator will now abort,
[hopper013:832199] ***    and potentially your MPI job)
[hopper013:832196] *** An error occurred in MPI_Send
[hopper013:832196] *** reported by process [1741619200,1]
[hopper013:832196] *** on communicator MPI COMMUNICATOR 5 SPLIT FROM 3
[hopper013:832196] *** MPI_ERR_OTHER: known error not in list
[hopper013:832196] *** MPI_ERRORS_ARE_FATAL (processes in this communicator will now abort,
[hopper013:832196] ***    and potentially your MPI job)
[hopper013:832197] *** An error occurred in MPI_Send
[hopper013:832197] *** reported by process [1741619200,2]
[hopper013:832197] *** on communicator MPI COMMUNICATOR 5 SPLIT FROM 3
[hopper013:832197] *** MPI_ERR_OTHER: known error not in list
[hopper013:832197] *** MPI_ERRORS_ARE_FATAL (processes in this communicator will now abort,
[hopper013:832197] ***    and potentially your MPI job)
slurmstepd: error: *** STEP 2058191.0 ON hopper013 CANCELLED AT 2023-09-20T20:31:34 ***
srun: Job step aborted: Waiting up to 32 seconds for job step to finish.
srun: error: hopper014: tasks 8-15: Killed
xhpl finished
Results: Gflops : Rate of execution for solving the linear system. The following parameter values will be used:
Results data: Gflops : Rate of execution for solving the linear system. The following parameter values will be used:
Results Gflops: used:
Writing input parameters and gflops to /users/rdscher/cs499/HPL/hopper/gcc-11/param_sweep/HPL_results.csv
Deleted /carc/scratch/users/rdscher/tmp.cUs5hrYXjk
slurmstepd: error: Detected 8 oom-kill event(s) in StepId=2058191.batch. Some of your processes may have been killed by the cgroup out-of-memory handler.
