Using parameter file /users/rdscher/cs499/HPL/hopper/gcc-11/param_sweep/HPL_params.csv
Using template file /users/rdscher/cs499/HPL/hopper/gcc-11/param_sweep/HPL_template.dat
Read param line 200: 208,1,7
Read param BLOCK_SIZE: 208
Temp directory: /carc/scratch/users/rdscher/tmp.cxUCSmJAe4
Created temporary working directory: /carc/scratch/users/rdscher/tmp.cxUCSmJAe4/200
Now running in /carc/scratch/users/rdscher/tmp.cxUCSmJAe4/200
Running xhpl in /carc/scratch/users/rdscher/tmp.cxUCSmJAe4/200...
To request GPUs, add --gpus-per-node X or --gpus X, where X is the desired number of GPUs.
Job 2058205 running on hopper[026-027]
slurmstepd: error: Detected 2 oom-kill event(s) in StepId=2058205.0. Some of your processes may have been killed by the cgroup out-of-memory handler.
srun: error: hopper026: task 1: Out Of Memory
[hopper026:64062] *** An error occurred in MPI_Send
[hopper026:64062] *** reported by process [1742536704,0]
[hopper026:64062] *** on communicator MPI COMMUNICATOR 4 SPLIT FROM 3
[hopper026:64062] *** MPI_ERR_OTHER: known error not in list
[hopper026:64062] *** MPI_ERRORS_ARE_FATAL (processes in this communicator will now abort,
[hopper026:64062] ***    and potentially your MPI job)
slurmstepd: error: *** STEP 2058205.0 ON hopper026 CANCELLED AT 2023-09-20T20:33:35 ***
srun: Job step aborted: Waiting up to 32 seconds for job step to finish.
srun: error: hopper027: tasks 8-15: Killed
xhpl finished
Results: Gflops : Rate of execution for solving the linear system. The following parameter values will be used:
Results data: Gflops : Rate of execution for solving the linear system. The following parameter values will be used:
Results Gflops: used:
Writing input parameters and gflops to /users/rdscher/cs499/HPL/hopper/gcc-11/param_sweep/HPL_results.csv
Deleted /carc/scratch/users/rdscher/tmp.cxUCSmJAe4
slurmstepd: error: Detected 15 oom-kill event(s) in StepId=2058205.batch. Some of your processes may have been killed by the cgroup out-of-memory handler.
