Using parameter file /users/rdscher/cs499/HPL/hopper/gcc-11/param_sweep/HPL_params.csv
Using template file /users/rdscher/cs499/HPL/hopper/gcc-11/param_sweep/HPL_template.dat
Read param line 35: 256,5,2
Read param BLOCK_SIZE: 256
Temp directory: /carc/scratch/users/rdscher/tmp.vKAj8E4EWK
Created temporary working directory: /carc/scratch/users/rdscher/tmp.vKAj8E4EWK/35
Now running in /carc/scratch/users/rdscher/tmp.vKAj8E4EWK/35
Running xhpl in /carc/scratch/users/rdscher/tmp.vKAj8E4EWK/35...
To request GPUs, add --gpus-per-node X or --gpus X, where X is the desired number of GPUs.
Job 2058040 running on hopper[058-059]
slurmstepd: error: Detected 1 oom-kill event(s) in StepId=2058040.0. Some of your processes may have been killed by the cgroup out-of-memory handler.
srun: error: hopper058: task 4: Out Of Memory
[hopper058:60029] *** An error occurred in MPI_Send
[hopper058:60029] *** reported by process [1731723264,0]
[hopper058:60029] *** on communicator MPI COMMUNICATOR 5 SPLIT FROM 3
[hopper058:60029] *** MPI_ERR_OTHER: known error not in list
[hopper058:60029] *** MPI_ERRORS_ARE_FATAL (processes in this communicator will now abort,
[hopper058:60029] ***    and potentially your MPI job)
slurmstepd: error: *** STEP 2058040.0 ON hopper058 CANCELLED AT 2023-09-20T20:08:41 ***
srun: Job step aborted: Waiting up to 32 seconds for job step to finish.
srun: error: hopper059: tasks 8-15: Killed
xhpl finished
Results: Gflops : Rate of execution for solving the linear system. The following parameter values will be used:
Results data: Gflops : Rate of execution for solving the linear system. The following parameter values will be used:
Results Gflops: used:
Writing input parameters and gflops to /users/rdscher/cs499/HPL/hopper/gcc-11/param_sweep/HPL_results.csv
Deleted /carc/scratch/users/rdscher/tmp.vKAj8E4EWK
slurmstepd: error: Detected 4 oom-kill event(s) in StepId=2058040.batch. Some of your processes may have been killed by the cgroup out-of-memory handler.
