Using parameter file /users/rdscher/cs499/HPL/hopper/gcc-11/param_sweep/HPL_params.csv
Using template file /users/rdscher/cs499/HPL/hopper/gcc-11/param_sweep/HPL_template.dat
Read param line 272: 432,2,7
Read param BLOCK_SIZE: 432
Temp directory: /carc/scratch/users/rdscher/tmp.TOmZdtGH2G
Created temporary working directory: /carc/scratch/users/rdscher/tmp.TOmZdtGH2G/272
Now running in /carc/scratch/users/rdscher/tmp.TOmZdtGH2G/272
Running xhpl in /carc/scratch/users/rdscher/tmp.TOmZdtGH2G/272...
To request GPUs, add --gpus-per-node X or --gpus X, where X is the desired number of GPUs.
Job 2058279 running on hopper[024-025]
slurmstepd: error: Detected 1 oom-kill event(s) in StepId=2058279.0. Some of your processes may have been killed by the cgroup out-of-memory handler.
srun: error: hopper024: task 1: Out Of Memory
[hopper025:59471] *** An error occurred in MPI_Send
[hopper025:59471] *** reported by process [1747386368,8]
[hopper025:59471] *** on communicator MPI COMMUNICATOR 5 SPLIT FROM 3
[hopper025:59471] *** MPI_ERR_OTHER: known error not in list
[hopper025:59471] *** MPI_ERRORS_ARE_FATAL (processes in this communicator will now abort,
[hopper025:59471] ***    and potentially your MPI job)
slurmstepd: error: *** STEP 2058279.0 ON hopper024 CANCELLED AT 2023-09-20T20:48:56 ***
srun: Job step aborted: Waiting up to 32 seconds for job step to finish.
srun: error: hopper025: task 8: Exited with exit code 16
srun: error: hopper025: tasks 9-15: Killed
xhpl finished
Results: Gflops : Rate of execution for solving the linear system. The following parameter values will be used:
Results data: Gflops : Rate of execution for solving the linear system. The following parameter values will be used:
Results Gflops: used:
Writing input parameters and gflops to /users/rdscher/cs499/HPL/hopper/gcc-11/param_sweep/HPL_results.csv
Deleted /carc/scratch/users/rdscher/tmp.TOmZdtGH2G
slurmstepd: error: Detected 1 oom-kill event(s) in StepId=2058279.batch. Some of your processes may have been killed by the cgroup out-of-memory handler.
