Using parameter file /users/rdscher/cs499/HPL/hopper/gcc-11/param_sweep/HPL_params.csv
Using template file /users/rdscher/cs499/HPL/hopper/gcc-11/param_sweep/HPL_template.dat
Read param line 143: 352,2,6
Read param BLOCK_SIZE: 352
Temp directory: /carc/scratch/users/rdscher/tmp.pJonQjDzhq
Created temporary working directory: /carc/scratch/users/rdscher/tmp.pJonQjDzhq/143
Now running in /carc/scratch/users/rdscher/tmp.pJonQjDzhq/143
Running xhpl in /carc/scratch/users/rdscher/tmp.pJonQjDzhq/143...
To request GPUs, add --gpus-per-node X or --gpus X, where X is the desired number of GPUs.
Job 2058148 running on hopper[015-016]
slurmstepd: error: Detected 7 oom-kill event(s) in StepId=2058148.0. Some of your processes may have been killed by the cgroup out-of-memory handler.
srun: error: hopper015: task 2: Out Of Memory
[hopper015:49405] *** An error occurred in MPI_Send
[hopper015:49405] *** reported by process [1738801152,1]
[hopper015:49405] *** on communicator MPI COMMUNICATOR 4 SPLIT FROM 3
[hopper015:49405] *** MPI_ERR_OTHER: known error not in list
[hopper015:49405] *** MPI_ERRORS_ARE_FATAL (processes in this communicator will now abort,
[hopper015:49405] ***    and potentially your MPI job)
srun: Job step aborted: Waiting up to 32 seconds for job step to finish.
slurmstepd: error: *** STEP 2058148.0 ON hopper015 CANCELLED AT 2023-09-20T20:22:30 ***
srun: error: hopper016: tasks 8-15: Killed
xhpl finished
Results: Gflops : Rate of execution for solving the linear system. The following parameter values will be used:
Results data: Gflops : Rate of execution for solving the linear system. The following parameter values will be used:
Results Gflops: used:
Writing input parameters and gflops to /users/rdscher/cs499/HPL/hopper/gcc-11/param_sweep/HPL_results.csv
Deleted /carc/scratch/users/rdscher/tmp.pJonQjDzhq
slurmstepd: error: Detected 7 oom-kill event(s) in StepId=2058148.batch. Some of your processes may have been killed by the cgroup out-of-memory handler.
