Using parameter file /users/rdscher/cs499/HPL/hopper/gcc-11/param_sweep/HPL_params.csv
Using template file /users/rdscher/cs499/HPL/hopper/gcc-11/param_sweep/HPL_template.dat
Read param line 68: 288,1,3
Read param BLOCK_SIZE: 288
Temp directory: /carc/scratch/users/rdscher/tmp.3dUltMeXCp
Created temporary working directory: /carc/scratch/users/rdscher/tmp.3dUltMeXCp/68
Now running in /carc/scratch/users/rdscher/tmp.3dUltMeXCp/68
Running xhpl in /carc/scratch/users/rdscher/tmp.3dUltMeXCp/68...
To request GPUs, add --gpus-per-node X or --gpus X, where X is the desired number of GPUs.
Job 2058073 running on hopper[013-014]
slurmstepd: error: Detected 15 oom-kill event(s) in StepId=2058073.0. Some of your processes may have been killed by the cgroup out-of-memory handler.
srun: error: hopper013: task 2: Out Of Memory
[hopper013:825934] *** An error occurred in MPI_Send
[hopper013:825934] *** reported by process [1733885952,0]
[hopper013:825934] *** on communicator MPI COMMUNICATOR 4 SPLIT FROM 3
[hopper013:825934] *** MPI_ERR_OTHER: known error not in list
[hopper013:825934] *** MPI_ERRORS_ARE_FATAL (processes in this communicator will now abort,
[hopper013:825934] ***    and potentially your MPI job)
slurmstepd: error: *** STEP 2058073.0 ON hopper013 CANCELLED AT 2023-09-20T20:09:28 ***
srun: Job step aborted: Waiting up to 32 seconds for job step to finish.
srun: error: hopper014: tasks 8-15: Killed
xhpl finished
Results: Gflops : Rate of execution for solving the linear system. The following parameter values will be used:
Results data: Gflops : Rate of execution for solving the linear system. The following parameter values will be used:
Results Gflops: used:
Writing input parameters and gflops to /users/rdscher/cs499/HPL/hopper/gcc-11/param_sweep/HPL_results.csv
Deleted /carc/scratch/users/rdscher/tmp.3dUltMeXCp
slurmstepd: error: Detected 16 oom-kill event(s) in StepId=2058073.batch. Some of your processes may have been killed by the cgroup out-of-memory handler.
