Using parameter file /users/rdscher/cs499/HPL/hopper/gcc-11/param_sweep/HPL_params.csv
Using template file /users/rdscher/cs499/HPL/hopper/gcc-11/param_sweep/HPL_template.dat
Read param line 114: 288,7,1
Read param BLOCK_SIZE: 288
Temp directory: /carc/scratch/users/rdscher/tmp.limjqHejUM
Created temporary working directory: /carc/scratch/users/rdscher/tmp.limjqHejUM/114
Now running in /carc/scratch/users/rdscher/tmp.limjqHejUM/114
Running xhpl in /carc/scratch/users/rdscher/tmp.limjqHejUM/114...
To request GPUs, add --gpus-per-node X or --gpus X, where X is the desired number of GPUs.
Job 2058119 running on hopper[015-016]
slurmstepd: error: Detected 1 oom-kill event(s) in StepId=2058119.0. Some of your processes may have been killed by the cgroup out-of-memory handler.
srun: error: hopper015: task 2: Out Of Memory
[1695262787.139130] [hopper015:48449:0]        mm_posix.c:206  UCX  ERROR open(file_name=/proc/48453/fd/14 flags=0x0) failed: No such file or directory
[hopper015:48449] *** An error occurred in MPI_Send
[hopper015:48449] *** reported by process [1736900608,0]
[hopper015:48449] *** on communicator MPI COMMUNICATOR 5 SPLIT FROM 3
[hopper015:48449] *** MPI_ERR_OTHER: known error not in list
[hopper015:48449] *** MPI_ERRORS_ARE_FATAL (processes in this communicator will now abort,
[hopper015:48449] ***    and potentially your MPI job)
slurmstepd: error: *** STEP 2058119.0 ON hopper015 CANCELLED AT 2023-09-20T20:19:47 ***
srun: Job step aborted: Waiting up to 32 seconds for job step to finish.
srun: error: hopper016: tasks 8-15: Killed
xhpl finished
Results: Gflops : Rate of execution for solving the linear system. The following parameter values will be used:
Results data: Gflops : Rate of execution for solving the linear system. The following parameter values will be used:
Results Gflops: used:
Writing input parameters and gflops to /users/rdscher/cs499/HPL/hopper/gcc-11/param_sweep/HPL_results.csv
Deleted /carc/scratch/users/rdscher/tmp.limjqHejUM
slurmstepd: error: Detected 123 oom-kill event(s) in StepId=2058119.batch. Some of your processes may have been killed by the cgroup out-of-memory handler.
