Using parameter file /users/rdscher/cs499/HPL/hopper/gcc-11/param_sweep/HPL_params.csv
Using template file /users/rdscher/cs499/HPL/hopper/gcc-11/param_sweep/HPL_template.dat
Read param line 226: 208,5,1
Read param BLOCK_SIZE: 208
Temp directory: /carc/scratch/users/rdscher/tmp.B746D0BoeJ
Created temporary working directory: /carc/scratch/users/rdscher/tmp.B746D0BoeJ/226
Now running in /carc/scratch/users/rdscher/tmp.B746D0BoeJ/226
Running xhpl in /carc/scratch/users/rdscher/tmp.B746D0BoeJ/226...
To request GPUs, add --gpus-per-node X or --gpus X, where X is the desired number of GPUs.
Job 2058233 running on hopper[015-016]
slurmstepd: error: Detected 93 oom-kill event(s) in StepId=2058233.0. Some of your processes may have been killed by the cgroup out-of-memory handler.
srun: error: hopper015: task 1: Out Of Memory
[hopper015:52887] *** An error occurred in MPI_Send
[hopper015:52887] *** reported by process [1744371712,2]
[hopper015:52887] *** on communicator MPI COMMUNICATOR 5 SPLIT FROM 3
[hopper015:52887] *** MPI_ERR_OTHER: known error not in list
[hopper015:52887] *** MPI_ERRORS_ARE_FATAL (processes in this communicator will now abort,
[hopper015:52887] ***    and potentially your MPI job)
[hopper015:52885] *** An error occurred in MPI_Send
[hopper015:52885] *** reported by process [1744371712,0]
[hopper015:52885] *** on communicator MPI COMMUNICATOR 5 SPLIT FROM 3
[hopper015:52885] *** MPI_ERR_OTHER: known error not in list
[hopper015:52885] *** MPI_ERRORS_ARE_FATAL (processes in this communicator will now abort,
[hopper015:52885] ***    and potentially your MPI job)
slurmstepd: error: *** STEP 2058233.0 ON hopper015 CANCELLED AT 2023-09-20T20:43:16 ***
srun: Job step aborted: Waiting up to 32 seconds for job step to finish.
srun: error: hopper016: tasks 8-15: Killed
xhpl finished
Results: Gflops : Rate of execution for solving the linear system. The following parameter values will be used:
Results data: Gflops : Rate of execution for solving the linear system. The following parameter values will be used:
Results Gflops: used:
Writing input parameters and gflops to /users/rdscher/cs499/HPL/hopper/gcc-11/param_sweep/HPL_results.csv
Deleted /carc/scratch/users/rdscher/tmp.B746D0BoeJ
slurmstepd: error: Detected 104 oom-kill event(s) in StepId=2058233.batch. Some of your processes may have been killed by the cgroup out-of-memory handler.
