Using parameter file /users/rdscher/cs499/HPL/hopper/gcc-11/param_sweep/HPL_params.csv
Using template file /users/rdscher/cs499/HPL/hopper/gcc-11/param_sweep/HPL_template.dat
Read param line 73: 288,1,8
Read param BLOCK_SIZE: 288
Temp directory: /carc/scratch/users/rdscher/tmp.xC4KhGr5qJ
Created temporary working directory: /carc/scratch/users/rdscher/tmp.xC4KhGr5qJ/73
Now running in /carc/scratch/users/rdscher/tmp.xC4KhGr5qJ/73
Running xhpl in /carc/scratch/users/rdscher/tmp.xC4KhGr5qJ/73...
To request GPUs, add --gpus-per-node X or --gpus X, where X is the desired number of GPUs.
Job 2058078 running on hopper[025-026]
slurmstepd: error: Detected 9 oom-kill event(s) in StepId=2058078.0. Some of your processes may have been killed by the cgroup out-of-memory handler.
srun: error: hopper025: task 7: Out Of Memory
[hopper025:50272] *** An error occurred in MPI_Send
[hopper025:50272] *** reported by process [1734213632,0]
[hopper025:50272] *** on communicator MPI COMMUNICATOR 4 SPLIT FROM 3
[hopper025:50272] *** MPI_ERR_OTHER: known error not in list
[hopper025:50272] *** MPI_ERRORS_ARE_FATAL (processes in this communicator will now abort,
[hopper025:50272] ***    and potentially your MPI job)
slurmstepd: error: *** STEP 2058078.0 ON hopper025 CANCELLED AT 2023-09-20T20:11:22 ***
srun: Job step aborted: Waiting up to 32 seconds for job step to finish.
srun: error: hopper026: tasks 8-15: Killed
xhpl finished
Results: Gflops : Rate of execution for solving the linear system. The following parameter values will be used:
Results data: Gflops : Rate of execution for solving the linear system. The following parameter values will be used:
Results Gflops: used:
Writing input parameters and gflops to /users/rdscher/cs499/HPL/hopper/gcc-11/param_sweep/HPL_results.csv
Deleted /carc/scratch/users/rdscher/tmp.xC4KhGr5qJ
slurmstepd: error: Detected 22 oom-kill event(s) in StepId=2058078.batch. Some of your processes may have been killed by the cgroup out-of-memory handler.
