Using parameter file /users/rdscher/cs499/HPL/hopper/gcc-11/param_sweep/HPL_params.csv
Using template file /users/rdscher/cs499/HPL/hopper/gcc-11/param_sweep/HPL_template.dat
Read param line 241: 208,6,8
Read param BLOCK_SIZE: 208
Temp directory: /carc/scratch/users/rdscher/tmp.uGpgs6Uviw
Created temporary working directory: /carc/scratch/users/rdscher/tmp.uGpgs6Uviw/241
Now running in /carc/scratch/users/rdscher/tmp.uGpgs6Uviw/241
Running xhpl in /carc/scratch/users/rdscher/tmp.uGpgs6Uviw/241...
To request GPUs, add --gpus-per-node X or --gpus X, where X is the desired number of GPUs.
Job 2058248 running on hopper[026-027]
HPL ERROR from process # 0, on line 419 of function HPL_pdinfo:
>>> Need at least 48 processes for these tests <<<

HPL ERROR from process # 0, on line 621 of function HPL_pdinfo:
>>> Illegal input in file HPL.dat. Exiting ... <<<

srun: error: hopper026: tasks 0-7: Exited with exit code 1
srun: error: hopper027: tasks 8-15: Exited with exit code 1
xhpl finished
Results:
Results data:
Results Gflops:
Writing input parameters and gflops to /users/rdscher/cs499/HPL/hopper/gcc-11/param_sweep/HPL_results.csv
Deleted /carc/scratch/users/rdscher/tmp.uGpgs6Uviw
