Using parameter file /users/rdscher/cs499/HPL/hopper/gcc-11/param_sweep/HPL_params.csv
Using template file /users/rdscher/cs499/HPL/hopper/gcc-11/param_sweep/HPL_template.dat
Read param line 148: 352,3,3
Read param BLOCK_SIZE: 352
Temp directory: /carc/scratch/users/rdscher/tmp.U2PfVg5YEQ
Created temporary working directory: /carc/scratch/users/rdscher/tmp.U2PfVg5YEQ/148
Now running in /carc/scratch/users/rdscher/tmp.U2PfVg5YEQ/148
Running xhpl in /carc/scratch/users/rdscher/tmp.U2PfVg5YEQ/148...
To request GPUs, add --gpus-per-node X or --gpus X, where X is the desired number of GPUs.
Job 2058153 running on hopper[024-025]
slurmstepd: error: Detected 10 oom-kill event(s) in StepId=2058153.0. Some of your processes may have been killed by the cgroup out-of-memory handler.
srun: error: hopper024: task 2: Out Of Memory
[hopper024:86960] *** An error occurred in MPI_Send
[hopper024:86960] *** reported by process [1739128832,0]
[hopper024:86960] *** on communicator MPI COMMUNICATOR 5 SPLIT FROM 3
[hopper024:86960] *** MPI_ERR_OTHER: known error not in list
[hopper024:86960] *** MPI_ERRORS_ARE_FATAL (processes in this communicator will now abort,
[hopper024:86960] ***    and potentially your MPI job)
slurmstepd: error: *** STEP 2058153.0 ON hopper024 CANCELLED AT 2023-09-20T20:23:14 ***
srun: Job step aborted: Waiting up to 32 seconds for job step to finish.
srun: error: hopper025: tasks 8-15: Killed
xhpl finished
Results: Gflops : Rate of execution for solving the linear system. The following parameter values will be used:
Results data: Gflops : Rate of execution for solving the linear system. The following parameter values will be used:
Results Gflops: used:
Writing input parameters and gflops to /users/rdscher/cs499/HPL/hopper/gcc-11/param_sweep/HPL_results.csv
Deleted /carc/scratch/users/rdscher/tmp.U2PfVg5YEQ
slurmstepd: error: Detected 23 oom-kill event(s) in StepId=2058153.batch. Some of your processes may have been killed by the cgroup out-of-memory handler.
