Using parameter file /users/rdscher/cs499/HPL/hopper/gcc-11/param_sweep/HPL_params.csv
Using template file /users/rdscher/cs499/HPL/hopper/gcc-11/param_sweep/HPL_template.dat
Read param line 166: 352,5,5
Read param BLOCK_SIZE: 352
Temp directory: /carc/scratch/users/rdscher/tmp.qEb9SEtOke
Created temporary working directory: /carc/scratch/users/rdscher/tmp.qEb9SEtOke/166
Now running in /carc/scratch/users/rdscher/tmp.qEb9SEtOke/166
Running xhpl in /carc/scratch/users/rdscher/tmp.qEb9SEtOke/166...
To request GPUs, add --gpus-per-node X or --gpus X, where X is the desired number of GPUs.
Job 2058171 running on hopper[056-057]
HPL ERROR from process # 0, on line 419 of function HPL_pdinfo:
>>> Need at least 25 processes for these tests <<<

HPL ERROR from process # 0, on line 621 of function HPL_pdinfo:
>>> Illegal input in file HPL.dat. Exiting ... <<<

srun: error: hopper056: tasks 0-7: Exited with exit code 1
srun: error: hopper057: tasks 8-15: Exited with exit code 1
xhpl finished
Results:
Results data:
Results Gflops:
Writing input parameters and gflops to /users/rdscher/cs499/HPL/hopper/gcc-11/param_sweep/HPL_results.csv
Deleted /carc/scratch/users/rdscher/tmp.qEb9SEtOke
