Using parameter file /users/rdscher/cs499/HPL/hopper/gcc-11/param_sweep/HPL_params.csv
Using template file /users/rdscher/cs499/HPL/hopper/gcc-11/param_sweep/HPL_template.dat
Read param line 124: 288,8,3
Read param BLOCK_SIZE: 288
Temp directory: /carc/scratch/users/rdscher/tmp.4MBXWkG0wZ
Created temporary working directory: /carc/scratch/users/rdscher/tmp.4MBXWkG0wZ/124
Now running in /carc/scratch/users/rdscher/tmp.4MBXWkG0wZ/124
Running xhpl in /carc/scratch/users/rdscher/tmp.4MBXWkG0wZ/124...
To request GPUs, add --gpus-per-node X or --gpus X, where X is the desired number of GPUs.
Job 2058129 running on hopper[027-028]
HPL ERROR from process # 0, on line 419 of function HPL_pdinfo:
>>> Need at least 24 processes for these tests <<<

HPL ERROR from process # 0, on line 621 of function HPL_pdinfo:
>>> Illegal input in file HPL.dat. Exiting ... <<<

srun: error: hopper027: tasks 0-7: Exited with exit code 1
srun: error: hopper028: tasks 8-15: Exited with exit code 1
xhpl finished
Results:
Results data:
Results Gflops:
Writing input parameters and gflops to /users/rdscher/cs499/HPL/hopper/gcc-11/param_sweep/HPL_results.csv
Deleted /carc/scratch/users/rdscher/tmp.4MBXWkG0wZ
