Using parameter file /users/rdscher/cs499/HPL/hopper/gcc-11/param_sweep/HPL_params.csv
Using template file /users/rdscher/cs499/HPL/hopper/gcc-11/param_sweep/HPL_template.dat
Read param line 73: 1152
Read param BLOCK_SIZE: 1152
Temp directory: /carc/scratch/users/rdscher/tmp.kr4Ct63Nyy
Created temporary working directory: /carc/scratch/users/rdscher/tmp.kr4Ct63Nyy/73
Now running in /carc/scratch/users/rdscher/tmp.kr4Ct63Nyy/73
Running xhpl in /carc/scratch/users/rdscher/tmp.kr4Ct63Nyy/73...
To request GPUs, add --gpus-per-node X or --gpus X, where X is the desired number of GPUs.
Job 2057891 running on hopper[031-032]
slurmstepd: error: Detected 1 oom-kill event(s) in StepId=2057891.0. Some of your processes may have been killed by the cgroup out-of-memory handler.
srun: error: hopper031: task 1: Out Of Memory
[hopper031:38524] *** An error occurred in MPI_Send
[hopper031:38524] *** reported by process [1721958400,0]
[hopper031:38524] *** on communicator MPI COMMUNICATOR 4 SPLIT FROM 3
[hopper031:38524] *** MPI_ERR_OTHER: known error not in list
[hopper031:38524] *** MPI_ERRORS_ARE_FATAL (processes in this communicator will now abort,
[hopper031:38524] ***    and potentially your MPI job)
srun: Job step aborted: Waiting up to 32 seconds for job step to finish.
slurmstepd: error: *** STEP 2057891.0 ON hopper031 CANCELLED AT 2023-09-20T18:49:49 ***
srun: error: hopper032: tasks 8-15: Killed
xhpl finished
Results: Gflops : Rate of execution for solving the linear system. The following parameter values will be used:
Results data: Gflops : Rate of execution for solving the linear system. The following parameter values will be used:
Results Gflops: used:
Writing input parameters and gflops to /users/rdscher/cs499/HPL/hopper/gcc-11/param_sweep/HPL_results.csv
Deleted /carc/scratch/users/rdscher/tmp.kr4Ct63Nyy
slurmstepd: error: Detected 1 oom-kill event(s) in StepId=2057891.batch. Some of your processes may have been killed by the cgroup out-of-memory handler.
