Using parameter file /users/rdscher/cs499/HPL/hopper/gcc-11/param_sweep/HPL_params.csv
Using template file /users/rdscher/cs499/HPL/hopper/gcc-11/param_sweep/HPL_template.dat
Read param line 89: 1408
Read param BLOCK_SIZE: 1408
Temp directory: /carc/scratch/users/rdscher/tmp.URJkn6T48z
Created temporary working directory: /carc/scratch/users/rdscher/tmp.URJkn6T48z/89
Now running in /carc/scratch/users/rdscher/tmp.URJkn6T48z/89
Running xhpl in /carc/scratch/users/rdscher/tmp.URJkn6T48z/89...
To request GPUs, add --gpus-per-node X or --gpus X, where X is the desired number of GPUs.
Job 2057907 running on hopper[033-034]
slurmstepd: error: Detected 1 oom-kill event(s) in StepId=2057907.0. Some of your processes may have been killed by the cgroup out-of-memory handler.
srun: error: hopper033: task 2: Out Of Memory
slurmstepd: error: Detected 1 oom-kill event(s) in StepId=2057907.0. Some of your processes may have been killed by the cgroup out-of-memory handler.
[hopper034:37354] *** An error occurred in MPI_Send
[hopper034:37354] *** reported by process [1723006976,10]
[hopper034:37354] *** on communicator MPI COMMUNICATOR 5 SPLIT FROM 3
[hopper034:37354] *** MPI_ERR_OTHER: known error not in list
[hopper034:37354] *** MPI_ERRORS_ARE_FATAL (processes in this communicator will now abort,
[hopper034:37354] ***    and potentially your MPI job)
srun: Job step aborted: Waiting up to 32 seconds for job step to finish.
slurmstepd: error: *** STEP 2057907.0 ON hopper033 CANCELLED AT 2023-09-20T18:59:56 ***
xhpl finished
Results: Gflops : Rate of execution for solving the linear system. The following parameter values will be used:
Results data: Gflops : Rate of execution for solving the linear system. The following parameter values will be used:
Results Gflops: used:
Writing input parameters and gflops to /users/rdscher/cs499/HPL/hopper/gcc-11/param_sweep/HPL_results.csv
Deleted /carc/scratch/users/rdscher/tmp.URJkn6T48z
slurmstepd: error: Detected 1 oom-kill event(s) in StepId=2057907.batch. Some of your processes may have been killed by the cgroup out-of-memory handler.
