Using parameter file /users/rdscher/cs499/HPL/hopper/gcc-11/param_sweep/HPL_params.csv
Using template file /users/rdscher/cs499/HPL/hopper/gcc-11/param_sweep/HPL_template.dat
Read param line 129: 2048
Read param BLOCK_SIZE: 2048
Temp directory: /carc/scratch/users/rdscher/tmp.k7iUvl44ib
Created temporary working directory: /carc/scratch/users/rdscher/tmp.k7iUvl44ib/129
Now running in /carc/scratch/users/rdscher/tmp.k7iUvl44ib/129
Running xhpl in /carc/scratch/users/rdscher/tmp.k7iUvl44ib/129...
To request GPUs, add --gpus-per-node X or --gpus X, where X is the desired number of GPUs.
Job 2057948 running on hopper[056-057]
slurmstepd: error: Detected 1 oom-kill event(s) in StepId=2057948.0. Some of your processes may have been killed by the cgroup out-of-memory handler.
srun: error: hopper056: task 2: Out Of Memory
slurmstepd: error: Detected 1 oom-kill event(s) in StepId=2057948.0. Some of your processes may have been killed by the cgroup out-of-memory handler.
[hopper056:44469] *** An error occurred in MPI_Send
[hopper056:44469] *** reported by process [1725693952,1]
[hopper056:44469] *** on communicator MPI COMMUNICATOR 4 SPLIT FROM 3
[hopper056:44469] *** MPI_ERR_OTHER: known error not in list
[hopper056:44469] *** MPI_ERRORS_ARE_FATAL (processes in this communicator will now abort,
[hopper056:44469] ***    and potentially your MPI job)
slurmstepd: error: *** STEP 2057948.0 ON hopper056 CANCELLED AT 2023-09-20T19:10:56 ***
srun: Job step aborted: Waiting up to 32 seconds for job step to finish.
xhpl finished
Results: Gflops : Rate of execution for solving the linear system. The following parameter values will be used:
Results data: Gflops : Rate of execution for solving the linear system. The following parameter values will be used:
Results Gflops: used:
Writing input parameters and gflops to /users/rdscher/cs499/HPL/hopper/gcc-11/param_sweep/HPL_results.csv
Deleted /carc/scratch/users/rdscher/tmp.k7iUvl44ib
slurmstepd: error: Detected 1 oom-kill event(s) in StepId=2057948.batch. Some of your processes may have been killed by the cgroup out-of-memory handler.
