Using parameter file /users/rdscher/cs499/HPL/hopper/gcc-11/param_sweep/HPL_params.csv
Using template file /users/rdscher/cs499/HPL/hopper/gcc-11/param_sweep/HPL_template.dat
Read param line 101: 1600
Read param BLOCK_SIZE: 1600
Temp directory: /carc/scratch/users/rdscher/tmp.uZmV252ays
Created temporary working directory: /carc/scratch/users/rdscher/tmp.uZmV252ays/101
Now running in /carc/scratch/users/rdscher/tmp.uZmV252ays/101
Running xhpl in /carc/scratch/users/rdscher/tmp.uZmV252ays/101...
To request GPUs, add --gpus-per-node X or --gpus X, where X is the desired number of GPUs.
Job 2057919 running on hopper[058-059]
srun: Job step aborted: Waiting up to 32 seconds for job step to finish.
slurmstepd: error: *** STEP 2057919.0 ON hopper058 CANCELLED AT 2023-09-20T19:02:34 ***
[hopper059:43430] *** An error occurred in MPI_Send
[hopper059:43430] *** reported by process [1723793408,9]
[hopper059:43430] *** on communicator MPI COMMUNICATOR 4 SPLIT FROM 3
[hopper059:43430] *** MPI_ERR_OTHER: known error not in list
[hopper059:43430] *** MPI_ERRORS_ARE_FATAL (processes in this communicator will now abort,
[hopper059:43430] ***    and potentially your MPI job)
slurmstepd: error: Detected 1 oom-kill event(s) in StepId=2057919.0. Some of your processes may have been killed by the cgroup out-of-memory handler.
srun: error: hopper059: tasks 8,10-15: Out Of Memory
srun: error: hopper058: tasks 0-7: Killed
xhpl finished
Results: Gflops : Rate of execution for solving the linear system. The following parameter values will be used:
Results data: Gflops : Rate of execution for solving the linear system. The following parameter values will be used:
Results Gflops: used:
Writing input parameters and gflops to /users/rdscher/cs499/HPL/hopper/gcc-11/param_sweep/HPL_results.csv
Deleted /carc/scratch/users/rdscher/tmp.uZmV252ays
