Using parameter file /users/rdscher/cs499/HPL/hopper/gcc-11/param_sweep/HPL_params.csv
Using template file /users/rdscher/cs499/HPL/hopper/gcc-11/param_sweep/HPL_template.dat
Read param line 80: 1264
Read param BLOCK_SIZE: 1264
Temp directory: /carc/scratch/users/rdscher/tmp.2NtXV6AiHQ
Created temporary working directory: /carc/scratch/users/rdscher/tmp.2NtXV6AiHQ/80
Now running in /carc/scratch/users/rdscher/tmp.2NtXV6AiHQ/80
Running xhpl in /carc/scratch/users/rdscher/tmp.2NtXV6AiHQ/80...
To request GPUs, add --gpus-per-node X or --gpus X, where X is the desired number of GPUs.
Job 2057898 running on hopper[060-061]
slurmstepd: error: Detected 1 oom-kill event(s) in StepId=2057898.0. Some of your processes may have been killed by the cgroup out-of-memory handler.
srun: error: hopper060: task 3: Out Of Memory
slurmstepd: error: Detected 1 oom-kill event(s) in StepId=2057898.0. Some of your processes may have been killed by the cgroup out-of-memory handler.
[hopper061:46838] *** An error occurred in MPI_Send
[hopper061:46838] *** reported by process [1722417152,11]
[hopper061:46838] *** on communicator MPI COMMUNICATOR 5 SPLIT FROM 3
[hopper061:46838] *** MPI_ERR_OTHER: known error not in list
[hopper061:46838] *** MPI_ERRORS_ARE_FATAL (processes in this communicator will now abort,
[hopper061:46838] ***    and potentially your MPI job)
slurmstepd: error: *** STEP 2057898.0 ON hopper060 CANCELLED AT 2023-09-20T18:52:18 ***
srun: Job step aborted: Waiting up to 32 seconds for job step to finish.
xhpl finished
Results: Gflops : Rate of execution for solving the linear system. The following parameter values will be used:
Results data: Gflops : Rate of execution for solving the linear system. The following parameter values will be used:
Results Gflops: used:
Writing input parameters and gflops to /users/rdscher/cs499/HPL/hopper/gcc-11/param_sweep/HPL_results.csv
Deleted /carc/scratch/users/rdscher/tmp.2NtXV6AiHQ
slurmstepd: error: Detected 1 oom-kill event(s) in StepId=2057898.batch. Some of your processes may have been killed by the cgroup out-of-memory handler.
