Using parameter file /users/rdscher/cs499/HPL/hopper/gcc-11/param_sweep/HPL_params.csv
Using template file /users/rdscher/cs499/HPL/hopper/gcc-11/param_sweep/HPL_template.dat
Read param line 68: 1072
Read param BLOCK_SIZE: 1072
Temp directory: /carc/scratch/users/rdscher/tmp.VrRIm6yFf6
Created temporary working directory: /carc/scratch/users/rdscher/tmp.VrRIm6yFf6/68
Now running in /carc/scratch/users/rdscher/tmp.VrRIm6yFf6/68
Running xhpl in /carc/scratch/users/rdscher/tmp.VrRIm6yFf6/68...
To request GPUs, add --gpus-per-node X or --gpus X, where X is the desired number of GPUs.
Job 2057886 running on hopper[058-059]
slurmstepd: error: Detected 1 oom-kill event(s) in StepId=2057886.0. Some of your processes may have been killed by the cgroup out-of-memory handler.
srun: error: hopper058: task 4: Out Of Memory
[hopper059:41940] *** An error occurred in MPI_Send
[hopper059:41940] *** reported by process [1721630720,12]
[hopper059:41940] *** on communicator MPI COMMUNICATOR 5 SPLIT FROM 3
[hopper059:41940] *** MPI_ERR_OTHER: known error not in list
[hopper059:41940] *** MPI_ERRORS_ARE_FATAL (processes in this communicator will now abort,
[hopper059:41940] ***    and potentially your MPI job)
srun: Job step aborted: Waiting up to 32 seconds for job step to finish.
slurmstepd: error: *** STEP 2057886.0 ON hopper058 CANCELLED AT 2023-09-20T18:49:17 ***
srun: error: hopper059: tasks 8-11,13-15: Killed
srun: error: hopper059: task 12: Exited with exit code 16
xhpl finished
Results: Gflops : Rate of execution for solving the linear system. The following parameter values will be used:
Results data: Gflops : Rate of execution for solving the linear system. The following parameter values will be used:
Results Gflops: used:
Writing input parameters and gflops to /users/rdscher/cs499/HPL/hopper/gcc-11/param_sweep/HPL_results.csv
Deleted /carc/scratch/users/rdscher/tmp.VrRIm6yFf6
slurmstepd: error: Detected 1 oom-kill event(s) in StepId=2057886.batch. Some of your processes may have been killed by the cgroup out-of-memory handler.
