Using parameter file /users/rdscher/cs499/HPL/hopper/gcc-11/param_sweep/HPL_params.csv
Using template file /users/rdscher/cs499/HPL/hopper/gcc-11/param_sweep/HPL_template.dat
Read param line 105: 1664
Read param BLOCK_SIZE: 1664
Temp directory: /carc/scratch/users/rdscher/tmp.dRS8eJ8VEG
Created temporary working directory: /carc/scratch/users/rdscher/tmp.dRS8eJ8VEG/105
Now running in /carc/scratch/users/rdscher/tmp.dRS8eJ8VEG/105
Running xhpl in /carc/scratch/users/rdscher/tmp.dRS8eJ8VEG/105...
To request GPUs, add --gpus-per-node X or --gpus X, where X is the desired number of GPUs.
Job 2057923 running on hopper[058-059]
slurmstepd: error: Detected 1 oom-kill event(s) in StepId=2057923.0. Some of your processes may have been killed by the cgroup out-of-memory handler.
srun: error: hopper058: task 1: Out Of Memory
[hopper059:43648] *** An error occurred in MPI_Send
[hopper059:43648] *** reported by process [1724055552,9]
[hopper059:43648] *** on communicator MPI COMMUNICATOR 5 SPLIT FROM 3
[hopper059:43648] *** MPI_ERR_OTHER: known error not in list
[hopper059:43648] *** MPI_ERRORS_ARE_FATAL (processes in this communicator will now abort,
[hopper059:43648] ***    and potentially your MPI job)
slurmstepd: error: *** STEP 2057923.0 ON hopper058 CANCELLED AT 2023-09-20T19:02:56 ***
srun: Job step aborted: Waiting up to 32 seconds for job step to finish.
srun: error: hopper059: tasks 8,10-15: Killed
srun: error: hopper059: task 9: Exited with exit code 16
xhpl finished
Results: Gflops : Rate of execution for solving the linear system. The following parameter values will be used:
Results data: Gflops : Rate of execution for solving the linear system. The following parameter values will be used:
Results Gflops: used:
Writing input parameters and gflops to /users/rdscher/cs499/HPL/hopper/gcc-11/param_sweep/HPL_results.csv
Deleted /carc/scratch/users/rdscher/tmp.dRS8eJ8VEG
slurmstepd: error: Detected 1 oom-kill event(s) in StepId=2057923.batch. Some of your processes may have been killed by the cgroup out-of-memory handler.
