Using parameter file /users/rdscher/cs499/HPL/hopper/gcc-11/param_sweep/HPL_params.csv
Using template file /users/rdscher/cs499/HPL/hopper/gcc-11/param_sweep/HPL_template.dat
Read param line 123: 1952
Read param BLOCK_SIZE: 1952
Temp directory: /carc/scratch/users/rdscher/tmp.RwnDYgdBe9
Created temporary working directory: /carc/scratch/users/rdscher/tmp.RwnDYgdBe9/123
Now running in /carc/scratch/users/rdscher/tmp.RwnDYgdBe9/123
Running xhpl in /carc/scratch/users/rdscher/tmp.RwnDYgdBe9/123...
To request GPUs, add --gpus-per-node X or --gpus X, where X is the desired number of GPUs.
Job 2057942 running on hopper[031-032]
slurmstepd: error: Detected 1 oom-kill event(s) in StepId=2057942.0. Some of your processes may have been killed by the cgroup out-of-memory handler.
srun: error: hopper031: task 3: Out Of Memory
slurmstepd: error: Detected 1 oom-kill event(s) in StepId=2057942.0. Some of your processes may have been killed by the cgroup out-of-memory handler.
[hopper031:39856] *** An error occurred in MPI_Send
[hopper031:39856] *** reported by process [1725300736,2]
[hopper031:39856] *** on communicator MPI COMMUNICATOR 4 SPLIT FROM 3
[hopper031:39856] *** MPI_ERR_OTHER: known error not in list
[hopper031:39856] *** MPI_ERRORS_ARE_FATAL (processes in this communicator will now abort,
[hopper031:39856] ***    and potentially your MPI job)
srun: Job step aborted: Waiting up to 32 seconds for job step to finish.
slurmstepd: error: *** STEP 2057942.0 ON hopper031 CANCELLED AT 2023-09-20T19:10:19 ***
xhpl finished
Results: Gflops : Rate of execution for solving the linear system. The following parameter values will be used:
Results data: Gflops : Rate of execution for solving the linear system. The following parameter values will be used:
Results Gflops: used:
Writing input parameters and gflops to /users/rdscher/cs499/HPL/hopper/gcc-11/param_sweep/HPL_results.csv
Deleted /carc/scratch/users/rdscher/tmp.RwnDYgdBe9
slurmstepd: error: Detected 1 oom-kill event(s) in StepId=2057942.batch. Some of your processes may have been killed by the cgroup out-of-memory handler.
