Using parameter file /users/rdscher/cs499/HPL/hopper/gcc-11/param_sweep/HPL_params.csv
Using template file /users/rdscher/cs499/HPL/hopper/gcc-11/param_sweep/HPL_template.dat
Read param line 118: 1872
Read param BLOCK_SIZE: 1872
Temp directory: /carc/scratch/users/rdscher/tmp.51Ks5rRROh
Created temporary working directory: /carc/scratch/users/rdscher/tmp.51Ks5rRROh/118
Now running in /carc/scratch/users/rdscher/tmp.51Ks5rRROh/118
Running xhpl in /carc/scratch/users/rdscher/tmp.51Ks5rRROh/118...
To request GPUs, add --gpus-per-node X or --gpus X, where X is the desired number of GPUs.
Job 2057937 running on hopper[056-057]
slurmstepd: error: Detected 2 oom-kill event(s) in StepId=2057937.0. Some of your processes may have been killed by the cgroup out-of-memory handler.
srun: error: hopper056: task 4: Out Of Memory
[hopper056:44148] *** An error occurred in MPI_Send
[hopper056:44148] *** reported by process [1724973056,3]
[hopper056:44148] *** on communicator MPI COMMUNICATOR 4 SPLIT FROM 3
[hopper056:44148] *** MPI_ERR_OTHER: known error not in list
[hopper056:44148] *** MPI_ERRORS_ARE_FATAL (processes in this communicator will now abort,
[hopper056:44148] ***    and potentially your MPI job)
srun: Job step aborted: Waiting up to 32 seconds for job step to finish.
slurmstepd: error: *** STEP 2057937.0 ON hopper056 CANCELLED AT 2023-09-20T19:09:56 ***
srun: error: hopper057: tasks 8-9,13,15: Killed
srun: error: hopper057: tasks 10-12,14: Killed
xhpl finished
Results: Gflops : Rate of execution for solving the linear system. The following parameter values will be used:
Results data: Gflops : Rate of execution for solving the linear system. The following parameter values will be used:
Results Gflops: used:
Writing input parameters and gflops to /users/rdscher/cs499/HPL/hopper/gcc-11/param_sweep/HPL_results.csv
Deleted /carc/scratch/users/rdscher/tmp.51Ks5rRROh
slurmstepd: error: Detected 2 oom-kill event(s) in StepId=2057937.batch. Some of your processes may have been killed by the cgroup out-of-memory handler.
