Using parameter file /users/rdscher/cs499/HPL/hopper/gcc-11/param_sweep/HPL_params.csv
Using template file /users/rdscher/cs499/HPL/hopper/gcc-11/param_sweep/HPL_template.dat
Read param line 67: 1056
Read param BLOCK_SIZE: 1056
Temp directory: /carc/scratch/users/rdscher/tmp.4dqF4LGgp8
Created temporary working directory: /carc/scratch/users/rdscher/tmp.4dqF4LGgp8/67
Now running in /carc/scratch/users/rdscher/tmp.4dqF4LGgp8/67
Running xhpl in /carc/scratch/users/rdscher/tmp.4dqF4LGgp8/67...
To request GPUs, add --gpus-per-node X or --gpus X, where X is the desired number of GPUs.
Job 2057885 running on hopper[062-063]
slurmstepd: error: Detected 1 oom-kill event(s) in StepId=2057885.0. Some of your processes may have been killed by the cgroup out-of-memory handler.
srun: error: hopper062: task 5: Out Of Memory
[hopper062:45708] *** An error occurred in MPI_Send
[hopper062:45708] *** reported by process [1721565184,1]
[hopper062:45708] *** on communicator MPI COMMUNICATOR 4 SPLIT FROM 3
[hopper062:45708] *** MPI_ERR_OTHER: known error not in list
[hopper062:45708] *** MPI_ERRORS_ARE_FATAL (processes in this communicator will now abort,
[hopper062:45708] ***    and potentially your MPI job)
srun: Job step aborted: Waiting up to 32 seconds for job step to finish.
slurmstepd: error: *** STEP 2057885.0 ON hopper062 CANCELLED AT 2023-09-20T18:49:55 ***
srun: error: hopper063: tasks 8-15: Killed
xhpl finished
Results: Gflops : Rate of execution for solving the linear system. The following parameter values will be used:
Results data: Gflops : Rate of execution for solving the linear system. The following parameter values will be used:
Results Gflops: used:
Writing input parameters and gflops to /users/rdscher/cs499/HPL/hopper/gcc-11/param_sweep/HPL_results.csv
Deleted /carc/scratch/users/rdscher/tmp.4dqF4LGgp8
slurmstepd: error: Detected 1 oom-kill event(s) in StepId=2057885.batch. Some of your processes may have been killed by the cgroup out-of-memory handler.
